Change Net Name : Old Net Name=AIN1 New Net Name=NetU?_38
Change Net Name : Old Net Name=AIN2 New Net Name=NetU?_26
Change Net Name : Old Net Name=AIN3 New Net Name=NetU?_16
Change Net Name : Old Net Name=AIN4 New Net Name=NetU?_11
Change Net Name : Old Net Name=BIN1 New Net Name=NetU?_36
Change Net Name : Old Net Name=BIN2 New Net Name=NetU?_24
Change Net Name : Old Net Name=BIN3 New Net Name=NetU?_14
Change Net Name : Old Net Name=BIN4 New Net Name=NetU?_9
Change Net Name : Old Net Name=CSS-1 New Net Name=NetC41-1_2
Change Net Name : Old Net Name=CSS-2 New Net Name=NetC41-2_2
Change Net Name : Old Net Name=CSS-3 New Net Name=NetC41-3_2
Change Net Name : Old Net Name=CSS-4 New Net Name=NetC41-4_2
Change Net Name : Old Net Name=INAA-1 New Net Name=NetR41-1_1
Change Net Name : Old Net Name=INAA-2 New Net Name=NetR41-2_1
Change Net Name : Old Net Name=INAA-3 New Net Name=NetR41-3_1
Change Net Name : Old Net Name=INAA-4 New Net Name=NetR41-4_1
Change Net Name : Old Net Name=INBB-1 New Net Name=NetR42-1_1
Change Net Name : Old Net Name=INBB-2 New Net Name=NetR42-2_1
Change Net Name : Old Net Name=INBB-3 New Net Name=NetR42-3_1
Change Net Name : Old Net Name=INBB-4 New Net Name=NetR42-4_1
Change Net Name : Old Net Name=PM1 New Net Name=NetU?_37
Change Net Name : Old Net Name=PM2 New Net Name=NetU?_25
Change Net Name : Old Net Name=PM3 New Net Name=NetU?_15
Change Net Name : Old Net Name=PM4 New Net Name=NetU?_10
Change Net Name : Old Net Name=PWMM-1 New Net Name=NetR43-1_1
Change Net Name : Old Net Name=PWMM-2 New Net Name=NetR43-2_1
Change Net Name : Old Net Name=PWMM-3 New Net Name=NetR43-3_1
Change Net Name : Old Net Name=PWMM-4 New Net Name=NetR43-4_1
Added Class: Name=CS-[1..4]
Added Class: Name=INA-[1..4]
Added Class: Name=INB-[1..4]
Added Class: Name=PWM-[1..4]
