Removed Pin From Net: NetName=PWM-4 Pin=U?-9
Removed Pin From Net: NetName=PWM-4 Pin=U?-9
Removed Pin From Net: NetName=INB-4 Pin=U?-10
Removed Pin From Net: NetName=INB-4 Pin=U?-10
Removed Pin From Net: NetName=INA-3 Pin=U?-14
Removed Pin From Net: NetName=INA-3 Pin=U?-14
Removed Pin From Net: NetName=INB-3 Pin=U?-15
Removed Pin From Net: NetName=INB-3 Pin=U?-15
Removed Pin From Net: NetName=PWM-3 Pin=U?-16
Removed Pin From Net: NetName=PWM-3 Pin=U?-16
Removed Pin From Net: NetName=INA-2 Pin=U?-25
Removed Pin From Net: NetName=INA-2 Pin=U?-25
Removed Pin From Net: NetName=PWM-2 Pin=U?-26
Removed Pin From Net: NetName=PWM-2 Pin=U?-26
Removed Pin From Net: NetName=INA-1 Pin=U?-36
Removed Pin From Net: NetName=INA-1 Pin=U?-36
Removed Pin From Net: NetName=INB-1 Pin=U?-38
Removed Pin From Net: NetName=INB-1 Pin=U?-38
Added Pin To Net: NetName=INB-4 Pin=U?-9
Added Pin To Net: NetName=INB-4 Pin=U?-9
Added Pin To Net: NetName=PWM-4 Pin=U?-10
Added Pin To Net: NetName=PWM-4 Pin=U?-10
Added Pin To Net: NetName=INB-3 Pin=U?-14
Added Pin To Net: NetName=INB-3 Pin=U?-14
Added Pin To Net: NetName=PWM-3 Pin=U?-15
Added Pin To Net: NetName=PWM-3 Pin=U?-15
Added Pin To Net: NetName=INA-3 Pin=U?-16
Added Pin To Net: NetName=INA-3 Pin=U?-16
Added Pin To Net: NetName=PWM-2 Pin=U?-25
Added Pin To Net: NetName=PWM-2 Pin=U?-25
Added Pin To Net: NetName=INA-2 Pin=U?-26
Added Pin To Net: NetName=INA-2 Pin=U?-26
Added Pin To Net: NetName=INB-1 Pin=U?-36
Added Pin To Net: NetName=INB-1 Pin=U?-36
Added Pin To Net: NetName=INA-1 Pin=U?-38
Added Pin To Net: NetName=INA-1 Pin=U?-38
