Change Component Designator: OldDesignator=C41 NewDesignator=C41-1
Change Component Designator: OldDesignator=C42 NewDesignator=C42-1
Change Component Designator: OldDesignator=C43 NewDesignator=C43-1
Change Component Designator: OldDesignator=D41 NewDesignator=D41-1
Change Component Designator: OldDesignator=D42 NewDesignator=D42-1
Change Component Designator: OldDesignator=D43 NewDesignator=D43-1
Change Component Designator: OldDesignator=Q41 NewDesignator=Q41-1
Change Component Designator: OldDesignator=R41 NewDesignator=R41-1
Change Component Designator: OldDesignator=R42 NewDesignator=R42-1
Change Component Designator: OldDesignator=R43 NewDesignator=R43-1
Change Component Designator: OldDesignator=R45 NewDesignator=R45-1
Change Component Designator: OldDesignator=R46 NewDesignator=R46-1
Change Component Designator: OldDesignator=R47 NewDesignator=R47-1
Change Component Designator: OldDesignator=R48 NewDesignator=R48-1
Change Component Designator: OldDesignator=R49 NewDesignator=R49-1
Change Component Designator: OldDesignator=U41 NewDesignator=U41-1
Change Component Designator: OldDesignator=XT? NewDesignator=XT?-1
Added Component: Designator=C41-2(CAP_0603)
Added Component: Designator=C41-3(CAP_0603)
Added Component: Designator=C41-4(CAP_0603)
Added Component: Designator=C42-2(CAP_5x5.4)
Added Component: Designator=C42-3(CAP_5x5.4)
Added Component: Designator=C42-4(CAP_5x5.4)
Added Component: Designator=C43-2(CAP_0603)
Added Component: Designator=C43-3(CAP_0603)
Added Component: Designator=C43-4(CAP_0603)
Added Component: Designator=D41-2(ONSC-SOD-123-2-425-04_V)
Add component (AddParameter): Name = "ComponentLink1Description"; Value = "Manufacturer URL"; VariantName = "[No Variations]"
Add component (AddParameter): Name = "ComponentLink1URL"; Value = "http://www.onsemi.com/"; VariantName = "[No Variations]"
Add component (AddParameter): Name = "ComponentLink2Description"; Value = "Datasheet"; VariantName = "[No Variations]"
Add component (AddParameter): Name = "ComponentLink2URL"; Value = "http://www.onsemi.com/pub_link/Collateral/MMSZ4678T1-D.PDF"; VariantName = "[No Variations]"
Add component (AddParameter): Name = "ComponentLink3Description"; Value = "Package Specification"; VariantName = "[No Variations]"
Add component (AddParameter): Name = "ComponentLink3URL"; Value = "http://www.onsemi.com/pub_link/Collateral/425-04.PDF"; VariantName = "[No Variations]"
Add component (AddParameter): Name = "DatasheetVersion"; Value = "Rev. 9"; VariantName = "[No Variations]"
Add component (AddParameter): Name = "Manufacturer"; Value = "On Semiconductor"; VariantName = "[No Variations]"
Add component (AddParameter): Name = "Mounting Technology"; Value = "Surface Mount"; VariantName = "[No Variations]"
Add component (AddParameter): Name = "P Max (W)"; Value = "0.5"; VariantName = "[No Variations]"
Add component (AddParameter): Name = "PackageDescription"; Value = "2-Pin SOD, Body 1.6 x 2.69 mm"; VariantName = "[No Variations]"
Add component (AddParameter): Name = "PackageReference"; Value = "SOD-123-2-425-04"; VariantName = "[No Variations]"
Add component (AddParameter): Name = "PackageVersion"; Value = "Rev. G, 10/2009"; VariantName = "[No Variations]"
Add component (AddParameter): Name = "Packing"; Value = "Tape and Reel"; VariantName = "[No Variations]"
Add component (AddParameter): Name = "PartNumber"; Value = "MMSZ4702T1G"; VariantName = "[No Variations]"
Add component (AddParameter): Name = "RoHS"; Value = "Pb-Free"; VariantName = "[No Variations]"
Add component (AddParameter): Name = "VZ Typ (V)"; Value = "15"; VariantName = "[No Variations]"
Added Component: Designator=D41-3(ONSC-SOD-123-2-425-04_V)
Add component (AddParameter): Name = "ComponentLink1Description"; Value = "Manufacturer URL"; VariantName = "[No Variations]"
Add component (AddParameter): Name = "ComponentLink1URL"; Value = "http://www.onsemi.com/"; VariantName = "[No Variations]"
Add component (AddParameter): Name = "ComponentLink2Description"; Value = "Datasheet"; VariantName = "[No Variations]"
Add component (AddParameter): Name = "ComponentLink2URL"; Value = "http://www.onsemi.com/pub_link/Collateral/MMSZ4678T1-D.PDF"; VariantName = "[No Variations]"
Add component (AddParameter): Name = "ComponentLink3Description"; Value = "Package Specification"; VariantName = "[No Variations]"
Add component (AddParameter): Name = "ComponentLink3URL"; Value = "http://www.onsemi.com/pub_link/Collateral/425-04.PDF"; VariantName = "[No Variations]"
Add component (AddParameter): Name = "DatasheetVersion"; Value = "Rev. 9"; VariantName = "[No Variations]"
Add component (AddParameter): Name = "Manufacturer"; Value = "On Semiconductor"; VariantName = "[No Variations]"
Add component (AddParameter): Name = "Mounting Technology"; Value = "Surface Mount"; VariantName = "[No Variations]"
Add component (AddParameter): Name = "P Max (W)"; Value = "0.5"; VariantName = "[No Variations]"
Add component (AddParameter): Name = "PackageDescription"; Value = "2-Pin SOD, Body 1.6 x 2.69 mm"; VariantName = "[No Variations]"
Add component (AddParameter): Name = "PackageReference"; Value = "SOD-123-2-425-04"; VariantName = "[No Variations]"
Add component (AddParameter): Name = "PackageVersion"; Value = "Rev. G, 10/2009"; VariantName = "[No Variations]"
Add component (AddParameter): Name = "Packing"; Value = "Tape and Reel"; VariantName = "[No Variations]"
Add component (AddParameter): Name = "PartNumber"; Value = "MMSZ4702T1G"; VariantName = "[No Variations]"
Add component (AddParameter): Name = "RoHS"; Value = "Pb-Free"; VariantName = "[No Variations]"
Add component (AddParameter): Name = "VZ Typ (V)"; Value = "15"; VariantName = "[No Variations]"
Added Component: Designator=D41-4(ONSC-SOD-123-2-425-04_V)
Add component (AddParameter): Name = "ComponentLink1Description"; Value = "Manufacturer URL"; VariantName = "[No Variations]"
Add component (AddParameter): Name = "ComponentLink1URL"; Value = "http://www.onsemi.com/"; VariantName = "[No Variations]"
Add component (AddParameter): Name = "ComponentLink2Description"; Value = "Datasheet"; VariantName = "[No Variations]"
Add component (AddParameter): Name = "ComponentLink2URL"; Value = "http://www.onsemi.com/pub_link/Collateral/MMSZ4678T1-D.PDF"; VariantName = "[No Variations]"
Add component (AddParameter): Name = "ComponentLink3Description"; Value = "Package Specification"; VariantName = "[No Variations]"
Add component (AddParameter): Name = "ComponentLink3URL"; Value = "http://www.onsemi.com/pub_link/Collateral/425-04.PDF"; VariantName = "[No Variations]"
Add component (AddParameter): Name = "DatasheetVersion"; Value = "Rev. 9"; VariantName = "[No Variations]"
Add component (AddParameter): Name = "Manufacturer"; Value = "On Semiconductor"; VariantName = "[No Variations]"
Add component (AddParameter): Name = "Mounting Technology"; Value = "Surface Mount"; VariantName = "[No Variations]"
Add component (AddParameter): Name = "P Max (W)"; Value = "0.5"; VariantName = "[No Variations]"
Add component (AddParameter): Name = "PackageDescription"; Value = "2-Pin SOD, Body 1.6 x 2.69 mm"; VariantName = "[No Variations]"
Add component (AddParameter): Name = "PackageReference"; Value = "SOD-123-2-425-04"; VariantName = "[No Variations]"
Add component (AddParameter): Name = "PackageVersion"; Value = "Rev. G, 10/2009"; VariantName = "[No Variations]"
Add component (AddParameter): Name = "Packing"; Value = "Tape and Reel"; VariantName = "[No Variations]"
Add component (AddParameter): Name = "PartNumber"; Value = "MMSZ4702T1G"; VariantName = "[No Variations]"
Add component (AddParameter): Name = "RoHS"; Value = "Pb-Free"; VariantName = "[No Variations]"
Add component (AddParameter): Name = "VZ Typ (V)"; Value = "15"; VariantName = "[No Variations]"
Added Component: Designator=D42-2(LED_0603)
Added Component: Designator=D42-3(LED_0603)
Added Component: Designator=D42-4(LED_0603)
Added Component: Designator=D43-2(LED_0603)
Added Component: Designator=D43-3(LED_0603)
Added Component: Designator=D43-4(LED_0603)
Added Component: Designator=Q41-2(FP-T16-0221-SINGLE-MFG)
Add component (AddParameter): Name = "Automotive"; Value = "Yes"; VariantName = "[No Variations]"
Add component (AddParameter): Name = "Automotive Grade"; Value = "Grade 0"; VariantName = "[No Variations]"
Add component (AddParameter): Name = "Category"; Value = "Trans"; VariantName = "[No Variations]"
Add component (AddParameter): Name = "ComponentLink2Description"; Value = "Datasheet"; VariantName = "[No Variations]"
Add component (AddParameter): Name = "ComponentLink2URL"; Value = "https://www.vishay.com/docs/77707/sqj409ep.pdf"; VariantName = "[No Variations]"
Add component (AddParameter): Name = "Continuous Drain Current"; Value = "-60A"; VariantName = "[No Variations]"
Add component (AddParameter): Name = "Depletion Mode"; Value = "False"; VariantName = "[No Variations]"
Add component (AddParameter): Name = "Device Class L1"; Value = "Discrete Semiconductors"; VariantName = "[No Variations]"
Add component (AddParameter): Name = "Device Class L2"; Value = "Transistors"; VariantName = "[No Variations]"
Add component (AddParameter): Name = "Device Class L3"; Value = "MOSFETs"; VariantName = "[No Variations]"
Add component (AddParameter): Name = "Digikey Description"; Value = "MOSFET P-CH 40V 60A POWERPAKSO-8"; VariantName = "[No Variations]"
Add component (AddParameter): Name = "Drain To Source Breakdown Voltage"; Value = "-40V"; VariantName = "[No Variations]"
Add component (AddParameter): Name = "Drain To Source Resistance"; Value = "0.0058O"; VariantName = "[No Variations]"
Add component (AddParameter): Name = "Drain To Source Voltage"; Value = "-40V"; VariantName = "[No Variations]"
Add component (AddParameter): Name = "Footprint Url"; Value = "http://www.vishay.com/docs/63818/ppso8ls.pdf"; VariantName = "[No Variations]"
Add component (AddParameter): Name = "Gate Charge At Vgs"; Value = "170nC @ -10V"; VariantName = "[No Variations]"
Add component (AddParameter): Name = "Gate To Source Voltage"; Value = "20V"; VariantName = "[No Variations]"
Add component (AddParameter): Name = "Height"; Value = "1.267mm"; VariantName = "[No Variations]"
Add component (AddParameter): Name = "Input Capacitace At Vds"; Value = "8400pF @ -25V"; VariantName = "[No Variations]"
Add component (AddParameter): Name = "Lead Free"; Value = "Yes"; VariantName = "[No Variations]"
Add component (AddParameter): Name = "Manufacturer"; Value = "Vishay"; VariantName = "[No Variations]"
Add component (AddParameter): Name = "Manufacturer Part Number"; Value = "SQJ409EP-T1_GE3"; VariantName = "[No Variations]"
Add component (AddParameter): Name = "Max Forward Diode Voltage"; Value = "-1.2V"; VariantName = "[No Variations]"
Add component (AddParameter): Name = "Max Junction Temp"; Value = "+175°C"; VariantName = "[No Variations]"
Add component (AddParameter): Name = "Mouser Description"; Value = "Trans MOSFET P-CH 40V 60A Automotive 5-Pin(4+Tab) PowerPAK SO T/R"; VariantName = "[No Variations]"
Add component (AddParameter): Name = "Number Of Channels"; Value = "1"; VariantName = "[No Variations]"
Add component (AddParameter): Name = "Number Of P Channels"; Value = "1"; VariantName = "[No Variations]"
Add component (AddParameter): Name = "Octopart"; Value = "https://octopart.com/sqj409ep-t1_ge3-vishay-82218774"; VariantName = "[No Variations]"
Add component (AddParameter): Name = "Package"; Value = "T16-0221-SINGLE"; VariantName = "[No Variations]"
Add component (AddParameter): Name = "Power Dissipation"; Value = "68W"; VariantName = "[No Variations]"
Add component (AddParameter): Name = "Pulse Drain Current"; Value = "-150A"; VariantName = "[No Variations]"
Add component (AddParameter): Name = "Reverse Recovery Charge"; Value = "45nC"; VariantName = "[No Variations]"
Add component (AddParameter): Name = "Reverse Recovery Time"; Value = "39ns"; VariantName = "[No Variations]"
Add component (AddParameter): Name = "RoHS"; Value = "TRUE"; VariantName = "[No Variations]"
Add component (AddParameter): Name = "Rthja Max"; Value = "68°C/W"; VariantName = "[No Variations]"
Add component (AddParameter): Name = "Standoff Height"; Value = "0mm"; VariantName = "[No Variations]"
Add component (AddParameter): Name = "Temperature"; Value = "-55°C to +175°C"; VariantName = "[No Variations]"
Add component (AddParameter): Name = "Temperature Range High"; Value = "+175°C"; VariantName = "[No Variations]"
Add component (AddParameter): Name = "Temperature Range Low"; Value = "-55°C"; VariantName = "[No Variations]"
Add component (AddParameter): Name = "Threshold Vgs Max"; Value = "-2.5V"; VariantName = "[No Variations]"
Add component (AddParameter): Name = "Threshold Vgs Min"; Value = "-1.5V"; VariantName = "[No Variations]"
Add component (AddParameter): Name = "Transconductance"; Value = "54S"; VariantName = "[No Variations]"
Add component (AddParameter): Name = "Turn Off Delay Time"; Value = "75ns"; VariantName = "[No Variations]"
Add component (AddParameter): Name = "Turn On Delay Time"; Value = "23ns"; VariantName = "[No Variations]"
Add component (AddParameter): Name = "Typ Forward Diode Voltage"; Value = "-0.76V"; VariantName = "[No Variations]"
Added Component: Designator=Q41-3(FP-T16-0221-SINGLE-MFG)
Add component (AddParameter): Name = "Automotive"; Value = "Yes"; VariantName = "[No Variations]"
Add component (AddParameter): Name = "Automotive Grade"; Value = "Grade 0"; VariantName = "[No Variations]"
Add component (AddParameter): Name = "Category"; Value = "Trans"; VariantName = "[No Variations]"
Add component (AddParameter): Name = "ComponentLink2Description"; Value = "Datasheet"; VariantName = "[No Variations]"
Add component (AddParameter): Name = "ComponentLink2URL"; Value = "https://www.vishay.com/docs/77707/sqj409ep.pdf"; VariantName = "[No Variations]"
Add component (AddParameter): Name = "Continuous Drain Current"; Value = "-60A"; VariantName = "[No Variations]"
Add component (AddParameter): Name = "Depletion Mode"; Value = "False"; VariantName = "[No Variations]"
Add component (AddParameter): Name = "Device Class L1"; Value = "Discrete Semiconductors"; VariantName = "[No Variations]"
Add component (AddParameter): Name = "Device Class L2"; Value = "Transistors"; VariantName = "[No Variations]"
Add component (AddParameter): Name = "Device Class L3"; Value = "MOSFETs"; VariantName = "[No Variations]"
Add component (AddParameter): Name = "Digikey Description"; Value = "MOSFET P-CH 40V 60A POWERPAKSO-8"; VariantName = "[No Variations]"
Add component (AddParameter): Name = "Drain To Source Breakdown Voltage"; Value = "-40V"; VariantName = "[No Variations]"
Add component (AddParameter): Name = "Drain To Source Resistance"; Value = "0.0058O"; VariantName = "[No Variations]"
Add component (AddParameter): Name = "Drain To Source Voltage"; Value = "-40V"; VariantName = "[No Variations]"
Add component (AddParameter): Name = "Footprint Url"; Value = "http://www.vishay.com/docs/63818/ppso8ls.pdf"; VariantName = "[No Variations]"
Add component (AddParameter): Name = "Gate Charge At Vgs"; Value = "170nC @ -10V"; VariantName = "[No Variations]"
Add component (AddParameter): Name = "Gate To Source Voltage"; Value = "20V"; VariantName = "[No Variations]"
Add component (AddParameter): Name = "Height"; Value = "1.267mm"; VariantName = "[No Variations]"
Add component (AddParameter): Name = "Input Capacitace At Vds"; Value = "8400pF @ -25V"; VariantName = "[No Variations]"
Add component (AddParameter): Name = "Lead Free"; Value = "Yes"; VariantName = "[No Variations]"
Add component (AddParameter): Name = "Manufacturer"; Value = "Vishay"; VariantName = "[No Variations]"
Add component (AddParameter): Name = "Manufacturer Part Number"; Value = "SQJ409EP-T1_GE3"; VariantName = "[No Variations]"
Add component (AddParameter): Name = "Max Forward Diode Voltage"; Value = "-1.2V"; VariantName = "[No Variations]"
Add component (AddParameter): Name = "Max Junction Temp"; Value = "+175°C"; VariantName = "[No Variations]"
Add component (AddParameter): Name = "Mouser Description"; Value = "Trans MOSFET P-CH 40V 60A Automotive 5-Pin(4+Tab) PowerPAK SO T/R"; VariantName = "[No Variations]"
Add component (AddParameter): Name = "Number Of Channels"; Value = "1"; VariantName = "[No Variations]"
Add component (AddParameter): Name = "Number Of P Channels"; Value = "1"; VariantName = "[No Variations]"
Add component (AddParameter): Name = "Octopart"; Value = "https://octopart.com/sqj409ep-t1_ge3-vishay-82218774"; VariantName = "[No Variations]"
Add component (AddParameter): Name = "Package"; Value = "T16-0221-SINGLE"; VariantName = "[No Variations]"
Add component (AddParameter): Name = "Power Dissipation"; Value = "68W"; VariantName = "[No Variations]"
Add component (AddParameter): Name = "Pulse Drain Current"; Value = "-150A"; VariantName = "[No Variations]"
Add component (AddParameter): Name = "Reverse Recovery Charge"; Value = "45nC"; VariantName = "[No Variations]"
Add component (AddParameter): Name = "Reverse Recovery Time"; Value = "39ns"; VariantName = "[No Variations]"
Add component (AddParameter): Name = "RoHS"; Value = "TRUE"; VariantName = "[No Variations]"
Add component (AddParameter): Name = "Rthja Max"; Value = "68°C/W"; VariantName = "[No Variations]"
Add component (AddParameter): Name = "Standoff Height"; Value = "0mm"; VariantName = "[No Variations]"
Add component (AddParameter): Name = "Temperature"; Value = "-55°C to +175°C"; VariantName = "[No Variations]"
Add component (AddParameter): Name = "Temperature Range High"; Value = "+175°C"; VariantName = "[No Variations]"
Add component (AddParameter): Name = "Temperature Range Low"; Value = "-55°C"; VariantName = "[No Variations]"
Add component (AddParameter): Name = "Threshold Vgs Max"; Value = "-2.5V"; VariantName = "[No Variations]"
Add component (AddParameter): Name = "Threshold Vgs Min"; Value = "-1.5V"; VariantName = "[No Variations]"
Add component (AddParameter): Name = "Transconductance"; Value = "54S"; VariantName = "[No Variations]"
Add component (AddParameter): Name = "Turn Off Delay Time"; Value = "75ns"; VariantName = "[No Variations]"
Add component (AddParameter): Name = "Turn On Delay Time"; Value = "23ns"; VariantName = "[No Variations]"
Add component (AddParameter): Name = "Typ Forward Diode Voltage"; Value = "-0.76V"; VariantName = "[No Variations]"
Added Component: Designator=Q41-4(FP-T16-0221-SINGLE-MFG)
Add component (AddParameter): Name = "Automotive"; Value = "Yes"; VariantName = "[No Variations]"
Add component (AddParameter): Name = "Automotive Grade"; Value = "Grade 0"; VariantName = "[No Variations]"
Add component (AddParameter): Name = "Category"; Value = "Trans"; VariantName = "[No Variations]"
Add component (AddParameter): Name = "ComponentLink2Description"; Value = "Datasheet"; VariantName = "[No Variations]"
Add component (AddParameter): Name = "ComponentLink2URL"; Value = "https://www.vishay.com/docs/77707/sqj409ep.pdf"; VariantName = "[No Variations]"
Add component (AddParameter): Name = "Continuous Drain Current"; Value = "-60A"; VariantName = "[No Variations]"
Add component (AddParameter): Name = "Depletion Mode"; Value = "False"; VariantName = "[No Variations]"
Add component (AddParameter): Name = "Device Class L1"; Value = "Discrete Semiconductors"; VariantName = "[No Variations]"
Add component (AddParameter): Name = "Device Class L2"; Value = "Transistors"; VariantName = "[No Variations]"
Add component (AddParameter): Name = "Device Class L3"; Value = "MOSFETs"; VariantName = "[No Variations]"
Add component (AddParameter): Name = "Digikey Description"; Value = "MOSFET P-CH 40V 60A POWERPAKSO-8"; VariantName = "[No Variations]"
Add component (AddParameter): Name = "Drain To Source Breakdown Voltage"; Value = "-40V"; VariantName = "[No Variations]"
Add component (AddParameter): Name = "Drain To Source Resistance"; Value = "0.0058O"; VariantName = "[No Variations]"
Add component (AddParameter): Name = "Drain To Source Voltage"; Value = "-40V"; VariantName = "[No Variations]"
Add component (AddParameter): Name = "Footprint Url"; Value = "http://www.vishay.com/docs/63818/ppso8ls.pdf"; VariantName = "[No Variations]"
Add component (AddParameter): Name = "Gate Charge At Vgs"; Value = "170nC @ -10V"; VariantName = "[No Variations]"
Add component (AddParameter): Name = "Gate To Source Voltage"; Value = "20V"; VariantName = "[No Variations]"
Add component (AddParameter): Name = "Height"; Value = "1.267mm"; VariantName = "[No Variations]"
Add component (AddParameter): Name = "Input Capacitace At Vds"; Value = "8400pF @ -25V"; VariantName = "[No Variations]"
Add component (AddParameter): Name = "Lead Free"; Value = "Yes"; VariantName = "[No Variations]"
Add component (AddParameter): Name = "Manufacturer"; Value = "Vishay"; VariantName = "[No Variations]"
Add component (AddParameter): Name = "Manufacturer Part Number"; Value = "SQJ409EP-T1_GE3"; VariantName = "[No Variations]"
Add component (AddParameter): Name = "Max Forward Diode Voltage"; Value = "-1.2V"; VariantName = "[No Variations]"
Add component (AddParameter): Name = "Max Junction Temp"; Value = "+175°C"; VariantName = "[No Variations]"
Add component (AddParameter): Name = "Mouser Description"; Value = "Trans MOSFET P-CH 40V 60A Automotive 5-Pin(4+Tab) PowerPAK SO T/R"; VariantName = "[No Variations]"
Add component (AddParameter): Name = "Number Of Channels"; Value = "1"; VariantName = "[No Variations]"
Add component (AddParameter): Name = "Number Of P Channels"; Value = "1"; VariantName = "[No Variations]"
Add component (AddParameter): Name = "Octopart"; Value = "https://octopart.com/sqj409ep-t1_ge3-vishay-82218774"; VariantName = "[No Variations]"
Add component (AddParameter): Name = "Package"; Value = "T16-0221-SINGLE"; VariantName = "[No Variations]"
Add component (AddParameter): Name = "Power Dissipation"; Value = "68W"; VariantName = "[No Variations]"
Add component (AddParameter): Name = "Pulse Drain Current"; Value = "-150A"; VariantName = "[No Variations]"
Add component (AddParameter): Name = "Reverse Recovery Charge"; Value = "45nC"; VariantName = "[No Variations]"
Add component (AddParameter): Name = "Reverse Recovery Time"; Value = "39ns"; VariantName = "[No Variations]"
Add component (AddParameter): Name = "RoHS"; Value = "TRUE"; VariantName = "[No Variations]"
Add component (AddParameter): Name = "Rthja Max"; Value = "68°C/W"; VariantName = "[No Variations]"
Add component (AddParameter): Name = "Standoff Height"; Value = "0mm"; VariantName = "[No Variations]"
Add component (AddParameter): Name = "Temperature"; Value = "-55°C to +175°C"; VariantName = "[No Variations]"
Add component (AddParameter): Name = "Temperature Range High"; Value = "+175°C"; VariantName = "[No Variations]"
Add component (AddParameter): Name = "Temperature Range Low"; Value = "-55°C"; VariantName = "[No Variations]"
Add component (AddParameter): Name = "Threshold Vgs Max"; Value = "-2.5V"; VariantName = "[No Variations]"
Add component (AddParameter): Name = "Threshold Vgs Min"; Value = "-1.5V"; VariantName = "[No Variations]"
Add component (AddParameter): Name = "Transconductance"; Value = "54S"; VariantName = "[No Variations]"
Add component (AddParameter): Name = "Turn Off Delay Time"; Value = "75ns"; VariantName = "[No Variations]"
Add component (AddParameter): Name = "Turn On Delay Time"; Value = "23ns"; VariantName = "[No Variations]"
Add component (AddParameter): Name = "Typ Forward Diode Voltage"; Value = "-0.76V"; VariantName = "[No Variations]"
Added Component: Designator=R41-2(RES_0603)
Added Component: Designator=R41-3(RES_0603)
Added Component: Designator=R41-4(RES_0603)
Added Component: Designator=R42-2(RES_0603)
Added Component: Designator=R42-3(RES_0603)
Added Component: Designator=R42-4(RES_0603)
Added Component: Designator=R43-2(RES_0603)
Added Component: Designator=R43-3(RES_0603)
Added Component: Designator=R43-4(RES_0603)
Added Component: Designator=R45-2(RES_0603)
Added Component: Designator=R45-3(RES_0603)
Added Component: Designator=R45-4(RES_0603)
Added Component: Designator=R46-2(RES_0603)
Added Component: Designator=R46-3(RES_0603)
Added Component: Designator=R46-4(RES_0603)
Added Component: Designator=R47-2(RES_0603)
Added Component: Designator=R47-3(RES_0603)
Added Component: Designator=R47-4(RES_0603)
Added Component: Designator=R48-2(RES_0603)
Added Component: Designator=R48-3(RES_0603)
Added Component: Designator=R48-4(RES_0603)
Added Component: Designator=R49-2(RES_0603)
Added Component: Designator=R49-3(RES_0603)
Added Component: Designator=R49-4(RES_0603)
Added Component: Designator=U41-2(FP-SO-16N-GAPGCFT00818-MFG)
Add component (AddParameter): Name = "Automotive"; Value = "Yes"; VariantName = "[No Variations]"
Add component (AddParameter): Name = "Automotive Grade"; Value = "Grade 0"; VariantName = "[No Variations]"
Add component (AddParameter): Name = "Category"; Value = "IC"; VariantName = "[No Variations]"
Add component (AddParameter): Name = "ComponentLink2Description"; Value = "Datasheet"; VariantName = "[No Variations]"
Add component (AddParameter): Name = "ComponentLink2URL"; Value = "https://www.st.com/resource/en/datasheet/vnh7070as.pdf"; VariantName = "[No Variations]"
Add component (AddParameter): Name = "Device Class L1"; Value = "Integrated Circuits (ICs)"; VariantName = "[No Variations]"
Add component (AddParameter): Name = "Device Class L2"; Value = "Power Management ICs"; VariantName = "[No Variations]"
Add component (AddParameter): Name = "Device Class L3"; Value = "Motor Drivers"; VariantName = "[No Variations]"
Add component (AddParameter): Name = "Digikey Description"; Value = "IC MOTOR DRIVER 4V-28V 16SOIC"; VariantName = "[No Variations]"
Add component (AddParameter): Name = "Footprint Url"; Value = "https://www.st.com/resource/en/datasheet/l6566a.pdf"; VariantName = "[No Variations]"
Add component (AddParameter): Name = "Height"; Value = "1.75mm"; VariantName = "[No Variations]"
Add component (AddParameter): Name = "Ipc Land Pattern Name"; Value = "SOIC127P600X175-16"; VariantName = "[No Variations]"
Add component (AddParameter): Name = "Lead Free"; Value = "Yes"; VariantName = "[No Variations]"
Add component (AddParameter): Name = "Manufacturer"; Value = "STMicroelectronics"; VariantName = "[No Variations]"
Add component (AddParameter): Name = "Manufacturer Part Number"; Value = "VNH7070ASTR"; VariantName = "[No Variations]"
Add component (AddParameter): Name = "Max Junction Temp"; Value = "+150°C"; VariantName = "[No Variations]"
Add component (AddParameter): Name = "Max Supply Voltage"; Value = "28V"; VariantName = "[No Variations]"
Add component (AddParameter): Name = "Min Supply Voltage"; Value = "4V"; VariantName = "[No Variations]"
Add component (AddParameter): Name = "Motor Type"; Value = "Brushed"; VariantName = "[No Variations]"
Add component (AddParameter): Name = "Mouser Description"; Value = "STMicroelectronics VNH7070ASTR Motor Driver IC 16-Pin, SOIC"; VariantName = "[No Variations]"
Add component (AddParameter): Name = "Nominal Supply Current"; Value = "2-3.5mA"; VariantName = "[No Variations]"
Add component (AddParameter): Name = "Number Of Outputs"; Value = "2"; VariantName = "[No Variations]"
Add component (AddParameter): Name = "Octopart"; Value = "https://octopart.com/vnh7070astr-stmicroelectronics-66668687"; VariantName = "[No Variations]"
Add component (AddParameter): Name = "Output Current"; Value = "15A"; VariantName = "[No Variations]"
Add component (AddParameter): Name = "Package"; Value = "SO-16N-GAPGCFT00818"; VariantName = "[No Variations]"
Add component (AddParameter): Name = "RoHS"; Value = "TRUE"; VariantName = "[No Variations]"
Add component (AddParameter): Name = "Standoff Height"; Value = "0.1mm"; VariantName = "[No Variations]"
Add component (AddParameter): Name = "Temperature"; Value = "-40°C to +150°C"; VariantName = "[No Variations]"
Add component (AddParameter): Name = "Temperature Range High"; Value = "+150°C"; VariantName = "[No Variations]"
Add component (AddParameter): Name = "Temperature Range Low"; Value = "-40°C"; VariantName = "[No Variations]"
Added Component: Designator=U41-3(FP-SO-16N-GAPGCFT00818-MFG)
Add component (AddParameter): Name = "Automotive"; Value = "Yes"; VariantName = "[No Variations]"
Add component (AddParameter): Name = "Automotive Grade"; Value = "Grade 0"; VariantName = "[No Variations]"
Add component (AddParameter): Name = "Category"; Value = "IC"; VariantName = "[No Variations]"
Add component (AddParameter): Name = "ComponentLink2Description"; Value = "Datasheet"; VariantName = "[No Variations]"
Add component (AddParameter): Name = "ComponentLink2URL"; Value = "https://www.st.com/resource/en/datasheet/vnh7070as.pdf"; VariantName = "[No Variations]"
Add component (AddParameter): Name = "Device Class L1"; Value = "Integrated Circuits (ICs)"; VariantName = "[No Variations]"
Add component (AddParameter): Name = "Device Class L2"; Value = "Power Management ICs"; VariantName = "[No Variations]"
Add component (AddParameter): Name = "Device Class L3"; Value = "Motor Drivers"; VariantName = "[No Variations]"
Add component (AddParameter): Name = "Digikey Description"; Value = "IC MOTOR DRIVER 4V-28V 16SOIC"; VariantName = "[No Variations]"
Add component (AddParameter): Name = "Footprint Url"; Value = "https://www.st.com/resource/en/datasheet/l6566a.pdf"; VariantName = "[No Variations]"
Add component (AddParameter): Name = "Height"; Value = "1.75mm"; VariantName = "[No Variations]"
Add component (AddParameter): Name = "Ipc Land Pattern Name"; Value = "SOIC127P600X175-16"; VariantName = "[No Variations]"
Add component (AddParameter): Name = "Lead Free"; Value = "Yes"; VariantName = "[No Variations]"
Add component (AddParameter): Name = "Manufacturer"; Value = "STMicroelectronics"; VariantName = "[No Variations]"
Add component (AddParameter): Name = "Manufacturer Part Number"; Value = "VNH7070ASTR"; VariantName = "[No Variations]"
Add component (AddParameter): Name = "Max Junction Temp"; Value = "+150°C"; VariantName = "[No Variations]"
Add component (AddParameter): Name = "Max Supply Voltage"; Value = "28V"; VariantName = "[No Variations]"
Add component (AddParameter): Name = "Min Supply Voltage"; Value = "4V"; VariantName = "[No Variations]"
Add component (AddParameter): Name = "Motor Type"; Value = "Brushed"; VariantName = "[No Variations]"
Add component (AddParameter): Name = "Mouser Description"; Value = "STMicroelectronics VNH7070ASTR Motor Driver IC 16-Pin, SOIC"; VariantName = "[No Variations]"
Add component (AddParameter): Name = "Nominal Supply Current"; Value = "2-3.5mA"; VariantName = "[No Variations]"
Add component (AddParameter): Name = "Number Of Outputs"; Value = "2"; VariantName = "[No Variations]"
Add component (AddParameter): Name = "Octopart"; Value = "https://octopart.com/vnh7070astr-stmicroelectronics-66668687"; VariantName = "[No Variations]"
Add component (AddParameter): Name = "Output Current"; Value = "15A"; VariantName = "[No Variations]"
Add component (AddParameter): Name = "Package"; Value = "SO-16N-GAPGCFT00818"; VariantName = "[No Variations]"
Add component (AddParameter): Name = "RoHS"; Value = "TRUE"; VariantName = "[No Variations]"
Add component (AddParameter): Name = "Standoff Height"; Value = "0.1mm"; VariantName = "[No Variations]"
Add component (AddParameter): Name = "Temperature"; Value = "-40°C to +150°C"; VariantName = "[No Variations]"
Add component (AddParameter): Name = "Temperature Range High"; Value = "+150°C"; VariantName = "[No Variations]"
Add component (AddParameter): Name = "Temperature Range Low"; Value = "-40°C"; VariantName = "[No Variations]"
Added Component: Designator=U41-4(FP-SO-16N-GAPGCFT00818-MFG)
Add component (AddParameter): Name = "Automotive"; Value = "Yes"; VariantName = "[No Variations]"
Add component (AddParameter): Name = "Automotive Grade"; Value = "Grade 0"; VariantName = "[No Variations]"
Add component (AddParameter): Name = "Category"; Value = "IC"; VariantName = "[No Variations]"
Add component (AddParameter): Name = "ComponentLink2Description"; Value = "Datasheet"; VariantName = "[No Variations]"
Add component (AddParameter): Name = "ComponentLink2URL"; Value = "https://www.st.com/resource/en/datasheet/vnh7070as.pdf"; VariantName = "[No Variations]"
Add component (AddParameter): Name = "Device Class L1"; Value = "Integrated Circuits (ICs)"; VariantName = "[No Variations]"
Add component (AddParameter): Name = "Device Class L2"; Value = "Power Management ICs"; VariantName = "[No Variations]"
Add component (AddParameter): Name = "Device Class L3"; Value = "Motor Drivers"; VariantName = "[No Variations]"
Add component (AddParameter): Name = "Digikey Description"; Value = "IC MOTOR DRIVER 4V-28V 16SOIC"; VariantName = "[No Variations]"
Add component (AddParameter): Name = "Footprint Url"; Value = "https://www.st.com/resource/en/datasheet/l6566a.pdf"; VariantName = "[No Variations]"
Add component (AddParameter): Name = "Height"; Value = "1.75mm"; VariantName = "[No Variations]"
Add component (AddParameter): Name = "Ipc Land Pattern Name"; Value = "SOIC127P600X175-16"; VariantName = "[No Variations]"
Add component (AddParameter): Name = "Lead Free"; Value = "Yes"; VariantName = "[No Variations]"
Add component (AddParameter): Name = "Manufacturer"; Value = "STMicroelectronics"; VariantName = "[No Variations]"
Add component (AddParameter): Name = "Manufacturer Part Number"; Value = "VNH7070ASTR"; VariantName = "[No Variations]"
Add component (AddParameter): Name = "Max Junction Temp"; Value = "+150°C"; VariantName = "[No Variations]"
Add component (AddParameter): Name = "Max Supply Voltage"; Value = "28V"; VariantName = "[No Variations]"
Add component (AddParameter): Name = "Min Supply Voltage"; Value = "4V"; VariantName = "[No Variations]"
Add component (AddParameter): Name = "Motor Type"; Value = "Brushed"; VariantName = "[No Variations]"
Add component (AddParameter): Name = "Mouser Description"; Value = "STMicroelectronics VNH7070ASTR Motor Driver IC 16-Pin, SOIC"; VariantName = "[No Variations]"
Add component (AddParameter): Name = "Nominal Supply Current"; Value = "2-3.5mA"; VariantName = "[No Variations]"
Add component (AddParameter): Name = "Number Of Outputs"; Value = "2"; VariantName = "[No Variations]"
Add component (AddParameter): Name = "Octopart"; Value = "https://octopart.com/vnh7070astr-stmicroelectronics-66668687"; VariantName = "[No Variations]"
Add component (AddParameter): Name = "Output Current"; Value = "15A"; VariantName = "[No Variations]"
Add component (AddParameter): Name = "Package"; Value = "SO-16N-GAPGCFT00818"; VariantName = "[No Variations]"
Add component (AddParameter): Name = "RoHS"; Value = "TRUE"; VariantName = "[No Variations]"
Add component (AddParameter): Name = "Standoff Height"; Value = "0.1mm"; VariantName = "[No Variations]"
Add component (AddParameter): Name = "Temperature"; Value = "-40°C to +150°C"; VariantName = "[No Variations]"
Add component (AddParameter): Name = "Temperature Range High"; Value = "+150°C"; VariantName = "[No Variations]"
Add component (AddParameter): Name = "Temperature Range Low"; Value = "-40°C"; VariantName = "[No Variations]"
Added Component: Designator=XT?-2(XT30_PW_M)
Added Component: Designator=XT?-3(XT30_PW_M)
Added Component: Designator=XT?-4(XT30_PW_M)
Added Pin To Net: NetName=GND12 Pin=C41-2-1
Added Pin To Net: NetName=GND12 Pin=C41-3-1
Added Pin To Net: NetName=GND12 Pin=C41-4-1
Added Pin To Net: NetName=GND12 Pin=C42-2-2
Added Pin To Net: NetName=GND12 Pin=C42-3-2
Added Pin To Net: NetName=GND12 Pin=C42-4-2
Added Pin To Net: NetName=GND12 Pin=C43-2-2
Added Pin To Net: NetName=GND12 Pin=C43-3-2
Added Pin To Net: NetName=GND12 Pin=C43-4-2
Added Pin To Net: NetName=+12 Pin=Q41-2-1
Added Pin To Net: NetName=+12 Pin=Q41-2-2
Added Pin To Net: NetName=+12 Pin=Q41-2-3
Added Pin To Net: NetName=+12 Pin=Q41-3-1
Added Pin To Net: NetName=+12 Pin=Q41-3-2
Added Pin To Net: NetName=+12 Pin=Q41-3-3
Added Pin To Net: NetName=+12 Pin=Q41-4-1
Added Pin To Net: NetName=+12 Pin=Q41-4-2
Added Pin To Net: NetName=+12 Pin=Q41-4-3
Added Pin To Net: NetName=GND12 Pin=R47-2-1
Added Pin To Net: NetName=GND12 Pin=R47-3-1
Added Pin To Net: NetName=GND12 Pin=R47-4-1
Added Pin To Net: NetName=GND12 Pin=R48-2-1
Added Pin To Net: NetName=GND12 Pin=R48-3-1
Added Pin To Net: NetName=GND12 Pin=R48-4-1
Added Pin To Net: NetName=GND12 Pin=U41-2-1
Added Pin To Net: NetName=GND12 Pin=U41-2-8
Added Pin To Net: NetName=GND12 Pin=U41-2-9
Added Pin To Net: NetName=GND12 Pin=U41-2-16
Added Pin To Net: NetName=GND12 Pin=U41-3-1
Added Pin To Net: NetName=GND12 Pin=U41-3-8
Added Pin To Net: NetName=GND12 Pin=U41-3-9
Added Pin To Net: NetName=GND12 Pin=U41-3-16
Added Pin To Net: NetName=GND12 Pin=U41-4-1
Added Pin To Net: NetName=GND12 Pin=U41-4-8
Added Pin To Net: NetName=GND12 Pin=U41-4-9
Added Pin To Net: NetName=GND12 Pin=U41-4-16
Change Net Name : Old Net Name=CSS New Net Name=CSS-1
Change Net Name : Old Net Name=INAA New Net Name=INAA-1
Change Net Name : Old Net Name=INBB New Net Name=INBB-1
Change Net Name : Old Net Name=NetD41_2 New Net Name=NetD41-1_2
Change Net Name : Old Net Name=NetD42_C New Net Name=NetD42-1_C
Change Net Name : Old Net Name=NetR41_2 New Net Name=NetR41-1_2
Change Net Name : Old Net Name=NetR42_2 New Net Name=NetR42-1_2
Change Net Name : Old Net Name=NetR43_2 New Net Name=NetR43-1_2
Change Net Name : Old Net Name=NetR45_2 New Net Name=NetR45-1_2
Change Net Name : Old Net Name=NetR46_2 New Net Name=NetR46-1_2
Change Net Name : Old Net Name=OUTA New Net Name=OUTA-1
Change Net Name : Old Net Name=OUTB New Net Name=OUTB-1
Change Net Name : Old Net Name=PWMM New Net Name=PWMM-1
Change Net Name : Old Net Name=VC New Net Name=VC-1
Added Pin To Net: NetName=CSS-2 Pin=C41-2-2
Added Pin To Net: NetName=CSS-2 Pin=R46-2-1
Added Net: Name=CSS-2
Added Pin To Net: NetName=CSS-3 Pin=C41-3-2
Added Pin To Net: NetName=CSS-3 Pin=R46-3-1
Added Net: Name=CSS-3
Added Pin To Net: NetName=CSS-4 Pin=C41-4-2
Added Pin To Net: NetName=CSS-4 Pin=R46-4-1
Added Net: Name=CSS-4
Added Pin To Net: NetName=INAA-2 Pin=R41-2-1
Added Net: Name=INAA-2
Added Pin To Net: NetName=INAA-3 Pin=R41-3-1
Added Net: Name=INAA-3
Added Pin To Net: NetName=INAA-4 Pin=R41-4-1
Added Net: Name=INAA-4
Added Pin To Net: NetName=INBB-2 Pin=R42-2-1
Added Net: Name=INBB-2
Added Pin To Net: NetName=INBB-3 Pin=R42-3-1
Added Net: Name=INBB-3
Added Pin To Net: NetName=INBB-4 Pin=R42-4-1
Added Net: Name=INBB-4
Added Pin To Net: NetName=NetD41-2_2 Pin=D41-2-2
Added Pin To Net: NetName=NetD41-2_2 Pin=Q41-2-4
Added Pin To Net: NetName=NetD41-2_2 Pin=R48-2-2
Added Net: Name=NetD41-2_2
Added Pin To Net: NetName=NetD41-3_2 Pin=D41-3-2
Added Pin To Net: NetName=NetD41-3_2 Pin=Q41-3-4
Added Pin To Net: NetName=NetD41-3_2 Pin=R48-3-2
Added Net: Name=NetD41-3_2
Added Pin To Net: NetName=NetD41-4_2 Pin=D41-4-2
Added Pin To Net: NetName=NetD41-4_2 Pin=Q41-4-4
Added Pin To Net: NetName=NetD41-4_2 Pin=R48-4-2
Added Net: Name=NetD41-4_2
Added Pin To Net: NetName=NetD42-2_C Pin=D42-2-C
Added Pin To Net: NetName=NetD42-2_C Pin=D43-2-A
Added Pin To Net: NetName=NetD42-2_C Pin=R49-2-1
Added Net: Name=NetD42-2_C
Added Pin To Net: NetName=NetD42-3_C Pin=D42-3-C
Added Pin To Net: NetName=NetD42-3_C Pin=D43-3-A
Added Pin To Net: NetName=NetD42-3_C Pin=R49-3-1
Added Net: Name=NetD42-3_C
Added Pin To Net: NetName=NetD42-4_C Pin=D42-4-C
Added Pin To Net: NetName=NetD42-4_C Pin=D43-4-A
Added Pin To Net: NetName=NetD42-4_C Pin=R49-4-1
Added Net: Name=NetD42-4_C
Added Pin To Net: NetName=NetR41-2_2 Pin=R41-2-2
Added Pin To Net: NetName=NetR41-2_2 Pin=U41-2-3
Added Net: Name=NetR41-2_2
Added Pin To Net: NetName=NetR41-3_2 Pin=R41-3-2
Added Pin To Net: NetName=NetR41-3_2 Pin=U41-3-3
Added Net: Name=NetR41-3_2
Added Pin To Net: NetName=NetR41-4_2 Pin=R41-4-2
Added Pin To Net: NetName=NetR41-4_2 Pin=U41-4-3
Added Net: Name=NetR41-4_2
Added Pin To Net: NetName=NetR42-2_2 Pin=R42-2-2
Added Pin To Net: NetName=NetR42-2_2 Pin=U41-2-6
Added Net: Name=NetR42-2_2
Added Pin To Net: NetName=NetR42-3_2 Pin=R42-3-2
Added Pin To Net: NetName=NetR42-3_2 Pin=U41-3-6
Added Net: Name=NetR42-3_2
Added Pin To Net: NetName=NetR42-4_2 Pin=R42-4-2
Added Pin To Net: NetName=NetR42-4_2 Pin=U41-4-6
Added Net: Name=NetR42-4_2
Added Pin To Net: NetName=NetR43-2_2 Pin=R43-2-2
Added Pin To Net: NetName=NetR43-2_2 Pin=U41-2-11
Added Net: Name=NetR43-2_2
Added Pin To Net: NetName=NetR43-3_2 Pin=R43-3-2
Added Pin To Net: NetName=NetR43-3_2 Pin=U41-3-11
Added Net: Name=NetR43-3_2
Added Pin To Net: NetName=NetR43-4_2 Pin=R43-4-2
Added Pin To Net: NetName=NetR43-4_2 Pin=U41-4-11
Added Net: Name=NetR43-4_2
Added Pin To Net: NetName=NetR45-2_2 Pin=R45-2-2
Added Pin To Net: NetName=NetR45-2_2 Pin=U41-2-14
Added Net: Name=NetR45-2_2
Added Pin To Net: NetName=NetR45-3_2 Pin=R45-3-2
Added Pin To Net: NetName=NetR45-3_2 Pin=U41-3-14
Added Net: Name=NetR45-3_2
Added Pin To Net: NetName=NetR45-4_2 Pin=R45-4-2
Added Pin To Net: NetName=NetR45-4_2 Pin=U41-4-14
Added Net: Name=NetR45-4_2
Added Pin To Net: NetName=NetR46-2_2 Pin=R46-2-2
Added Pin To Net: NetName=NetR46-2_2 Pin=R47-2-2
Added Pin To Net: NetName=NetR46-2_2 Pin=U41-2-13
Added Net: Name=NetR46-2_2
Added Pin To Net: NetName=NetR46-3_2 Pin=R46-3-2
Added Pin To Net: NetName=NetR46-3_2 Pin=R47-3-2
Added Pin To Net: NetName=NetR46-3_2 Pin=U41-3-13
Added Net: Name=NetR46-3_2
Added Pin To Net: NetName=NetR46-4_2 Pin=R46-4-2
Added Pin To Net: NetName=NetR46-4_2 Pin=R47-4-2
Added Pin To Net: NetName=NetR46-4_2 Pin=U41-4-13
Added Net: Name=NetR46-4_2
Added Pin To Net: NetName=OUTA-2 Pin=D42-2-A
Added Pin To Net: NetName=OUTA-2 Pin=D43-2-C
Added Pin To Net: NetName=OUTA-2 Pin=U41-2-7
Added Pin To Net: NetName=OUTA-2 Pin=U41-2-10
Added Pin To Net: NetName=OUTA-2 Pin=XT?-2-P
Added Net: Name=OUTA-2
Added Pin To Net: NetName=OUTA-3 Pin=D42-3-A
Added Pin To Net: NetName=OUTA-3 Pin=D43-3-C
Added Pin To Net: NetName=OUTA-3 Pin=U41-3-7
Added Pin To Net: NetName=OUTA-3 Pin=U41-3-10
Added Pin To Net: NetName=OUTA-3 Pin=XT?-3-P
Added Net: Name=OUTA-3
Added Pin To Net: NetName=OUTA-4 Pin=D42-4-A
Added Pin To Net: NetName=OUTA-4 Pin=D43-4-C
Added Pin To Net: NetName=OUTA-4 Pin=U41-4-7
Added Pin To Net: NetName=OUTA-4 Pin=U41-4-10
Added Pin To Net: NetName=OUTA-4 Pin=XT?-4-P
Added Net: Name=OUTA-4
Added Pin To Net: NetName=OUTB-2 Pin=R49-2-2
Added Pin To Net: NetName=OUTB-2 Pin=U41-2-2
Added Pin To Net: NetName=OUTB-2 Pin=U41-2-15
Added Pin To Net: NetName=OUTB-2 Pin=XT?-2-N
Added Net: Name=OUTB-2
Added Pin To Net: NetName=OUTB-3 Pin=R49-3-2
Added Pin To Net: NetName=OUTB-3 Pin=U41-3-2
Added Pin To Net: NetName=OUTB-3 Pin=U41-3-15
Added Pin To Net: NetName=OUTB-3 Pin=XT?-3-N
Added Net: Name=OUTB-3
Added Pin To Net: NetName=OUTB-4 Pin=R49-4-2
Added Pin To Net: NetName=OUTB-4 Pin=U41-4-2
Added Pin To Net: NetName=OUTB-4 Pin=U41-4-15
Added Pin To Net: NetName=OUTB-4 Pin=XT?-4-N
Added Net: Name=OUTB-4
Added Pin To Net: NetName=PWMM-2 Pin=R43-2-1
Added Net: Name=PWMM-2
Added Pin To Net: NetName=PWMM-3 Pin=R43-3-1
Added Net: Name=PWMM-3
Added Pin To Net: NetName=PWMM-4 Pin=R43-4-1
Added Net: Name=PWMM-4
Added Pin To Net: NetName=VC-2 Pin=C42-2-1
Added Pin To Net: NetName=VC-2 Pin=C43-2-1
Added Pin To Net: NetName=VC-2 Pin=D41-2-1
Added Pin To Net: NetName=VC-2 Pin=Q41-2-5
Added Pin To Net: NetName=VC-2 Pin=U41-2-4
Added Pin To Net: NetName=VC-2 Pin=U41-2-5
Added Pin To Net: NetName=VC-2 Pin=U41-2-12
Added Net: Name=VC-2
Added Pin To Net: NetName=VC-3 Pin=C42-3-1
Added Pin To Net: NetName=VC-3 Pin=C43-3-1
Added Pin To Net: NetName=VC-3 Pin=D41-3-1
Added Pin To Net: NetName=VC-3 Pin=Q41-3-5
Added Pin To Net: NetName=VC-3 Pin=U41-3-4
Added Pin To Net: NetName=VC-3 Pin=U41-3-5
Added Pin To Net: NetName=VC-3 Pin=U41-3-12
Added Net: Name=VC-3
Added Pin To Net: NetName=VC-4 Pin=C42-4-1
Added Pin To Net: NetName=VC-4 Pin=C43-4-1
Added Pin To Net: NetName=VC-4 Pin=D41-4-1
Added Pin To Net: NetName=VC-4 Pin=Q41-4-5
Added Pin To Net: NetName=VC-4 Pin=U41-4-4
Added Pin To Net: NetName=VC-4 Pin=U41-4-5
Added Pin To Net: NetName=VC-4 Pin=U41-4-12
Added Net: Name=VC-4
Added Member To Class: ClassName=VNH70701 Member=Component C41-1 (C41) 1UF
Added Member To Class: ClassName=VNH70702 Member=Component C41-2 (C41) 1UF
Added Member To Class: ClassName=VNH70703 Member=Component C41-3 (C41) 1UF
Added Member To Class: ClassName=VNH70704 Member=Component C41-4 (C41) 1UF
Added Member To Class: ClassName=VNH70701 Member=Component C42-1 (C42) 47UF
Added Member To Class: ClassName=VNH70702 Member=Component C42-2 (C42) 47UF
Added Member To Class: ClassName=VNH70703 Member=Component C42-3 (C42) 47UF
Added Member To Class: ClassName=VNH70704 Member=Component C42-4 (C42) 47UF
Added Member To Class: ClassName=VNH70701 Member=Component C43-1 (C43) 0.1UF
Added Member To Class: ClassName=VNH70702 Member=Component C43-2 (C43) 0.1UF
Added Member To Class: ClassName=VNH70703 Member=Component C43-3 (C43) 0.1UF
Added Member To Class: ClassName=VNH70704 Member=Component C43-4 (C43) 0.1UF
Added Member To Class: ClassName=VNH70701 Member=Component D41-1 (D41) MMSZ4702T1G
Added Member To Class: ClassName=VNH70702 Member=Component D41-2 (D41) MMSZ4702T1G
Added Member To Class: ClassName=VNH70703 Member=Component D41-3 (D41) MMSZ4702T1G
Added Member To Class: ClassName=VNH70704 Member=Component D41-4 (D41) MMSZ4702T1G
Added Member To Class: ClassName=VNH70701 Member=Component D42-1 (D42) LED_0603
Added Member To Class: ClassName=VNH70702 Member=Component D42-2 (D42) LED_0603
Added Member To Class: ClassName=VNH70703 Member=Component D42-3 (D42) LED_0603
Added Member To Class: ClassName=VNH70704 Member=Component D42-4 (D42) LED_0603
Added Member To Class: ClassName=VNH70701 Member=Component D43-1 (D43) LED_0603
Added Member To Class: ClassName=VNH70702 Member=Component D43-2 (D43) LED_0603
Added Member To Class: ClassName=VNH70703 Member=Component D43-3 (D43) LED_0603
Added Member To Class: ClassName=VNH70704 Member=Component D43-4 (D43) LED_0603
Added Member To Class: ClassName=VNH70701 Member=Component Q41-1 (Q41) SQJ409EP-T1_GE3
Added Member To Class: ClassName=VNH70702 Member=Component Q41-2 (Q41) SQJ409EP-T1_GE3
Added Member To Class: ClassName=VNH70703 Member=Component Q41-3 (Q41) SQJ409EP-T1_GE3
Added Member To Class: ClassName=VNH70704 Member=Component Q41-4 (Q41) SQJ409EP-T1_GE3
Added Member To Class: ClassName=VNH70701 Member=Component R41-1 (R41) 10KO
Added Member To Class: ClassName=VNH70702 Member=Component R41-2 (R41) 10KO
Added Member To Class: ClassName=VNH70703 Member=Component R41-3 (R41) 10KO
Added Member To Class: ClassName=VNH70704 Member=Component R41-4 (R41) 10KO
Added Member To Class: ClassName=VNH70701 Member=Component R42-1 (R42) 10KO
Added Member To Class: ClassName=VNH70702 Member=Component R42-2 (R42) 10KO
Added Member To Class: ClassName=VNH70703 Member=Component R42-3 (R42) 10KO
Added Member To Class: ClassName=VNH70704 Member=Component R42-4 (R42) 10KO
Added Member To Class: ClassName=VNH70701 Member=Component R43-1 (R43) 10KO
Added Member To Class: ClassName=VNH70702 Member=Component R43-2 (R43) 10KO
Added Member To Class: ClassName=VNH70703 Member=Component R43-3 (R43) 10KO
Added Member To Class: ClassName=VNH70704 Member=Component R43-4 (R43) 10KO
Added Member To Class: ClassName=VNH70701 Member=Component R45-1 (R45) 10KO
Added Member To Class: ClassName=VNH70702 Member=Component R45-2 (R45) 10KO
Added Member To Class: ClassName=VNH70703 Member=Component R45-3 (R45) 10KO
Added Member To Class: ClassName=VNH70704 Member=Component R45-4 (R45) 10KO
Added Member To Class: ClassName=VNH70701 Member=Component R46-1 (R46) 10KO
Added Member To Class: ClassName=VNH70702 Member=Component R46-2 (R46) 10KO
Added Member To Class: ClassName=VNH70703 Member=Component R46-3 (R46) 10KO
Added Member To Class: ClassName=VNH70704 Member=Component R46-4 (R46) 10KO
Added Member To Class: ClassName=VNH70701 Member=Component R47-1 (R47) 10KO
Added Member To Class: ClassName=VNH70702 Member=Component R47-2 (R47) 10KO
Added Member To Class: ClassName=VNH70703 Member=Component R47-3 (R47) 10KO
Added Member To Class: ClassName=VNH70704 Member=Component R47-4 (R47) 10KO
Added Member To Class: ClassName=VNH70701 Member=Component R48-1 (R48) 10KO
Added Member To Class: ClassName=VNH70702 Member=Component R48-2 (R48) 10KO
Added Member To Class: ClassName=VNH70703 Member=Component R48-3 (R48) 10KO
Added Member To Class: ClassName=VNH70704 Member=Component R48-4 (R48) 10KO
Added Member To Class: ClassName=VNH70701 Member=Component R49-1 (R49) 4.7KO
Added Member To Class: ClassName=VNH70702 Member=Component R49-2 (R49) 4.7KO
Added Member To Class: ClassName=VNH70703 Member=Component R49-3 (R49) 4.7KO
Added Member To Class: ClassName=VNH70704 Member=Component R49-4 (R49) 4.7KO
Added Member To Class: ClassName=VNH70701 Member=Component U41-1 (U41) VNH7070ASTR
Added Member To Class: ClassName=VNH70702 Member=Component U41-2 (U41) VNH7070ASTR
Added Member To Class: ClassName=VNH70703 Member=Component U41-3 (U41) VNH7070ASTR
Added Member To Class: ClassName=VNH70704 Member=Component U41-4 (U41) VNH7070ASTR
Added Member To Class: ClassName=VNH70701 Member=Component XT?-1 (XT?) XT30_PW_M
Added Member To Class: ClassName=VNH70702 Member=Component XT?-2 (XT?) XT30_PW_M
Added Member To Class: ClassName=VNH70703 Member=Component XT?-3 (XT?) XT30_PW_M
Added Member To Class: ClassName=VNH70704 Member=Component XT?-4 (XT?) XT30_PW_M
Change Room Name: Old Name=REPEAT(VNH7070.1.4) New Name=VNH70703
Change Room Scope: Old Scope=InComponentClass('REPEAT(VNH7070.1.4)') New Scope=InComponentClass('VNH70703')
Added Room: Name=VNH70701
Added Room: Name=VNH70702
Added Room: Name=VNH70704
