Removed Pin From Net: NetName=+12V Pin=C1-1-1
Removed Pin From Net: NetName=GND12 Pin=C1-1-2
Removed Pin From Net: NetName=+12V Pin=C1-2-1
Removed Pin From Net: NetName=GND12 Pin=C1-2-2
Removed Pin From Net: NetName=+12V Pin=C1-3-1
Removed Pin From Net: NetName=GND12 Pin=C1-3-2
Removed Pin From Net: NetName=+12V Pin=C1-4-1
Removed Pin From Net: NetName=GND12 Pin=C1-4-2
Removed Pin From Net: NetName=GND Pin=C4-1-2
Removed Pin From Net: NetName=GND Pin=C4-2-2
Removed Pin From Net: NetName=GND Pin=C4-3-2
Removed Pin From Net: NetName=GND Pin=C4-4-2
Removed Pin From Net: NetName=GND12 Pin=C5-1-2
Removed Pin From Net: NetName=GND12 Pin=C5-2-2
Removed Pin From Net: NetName=GND12 Pin=C5-3-2
Removed Pin From Net: NetName=GND12 Pin=C5-4-2
Removed Pin From Net: NetName=GND12 Pin=C6-1-2
Removed Pin From Net: NetName=GND12 Pin=C6-2-2
Removed Pin From Net: NetName=GND12 Pin=C6-3-2
Removed Pin From Net: NetName=GND12 Pin=C6-4-2
Removed Pin From Net: NetName=GND Pin=C42-2
Removed Pin From Net: NetName=GND Pin=C43-2
Removed Pin From Net: NetName=GND Pin=C?-1
Removed Pin From Net: NetName=AIN1 Pin=JB-1-1
Removed Pin From Net: NetName=PM1 Pin=JB-1-3
Removed Pin From Net: NetName=BIN1 Pin=JB-1-6
Removed Pin From Net: NetName=+3V Pin=JB-1-7
Removed Pin From Net: NetName=GND Pin=JB-1-8
Removed Pin From Net: NetName=GND Pin=JB-1-10
Removed Pin From Net: NetName=AIN2 Pin=JB-2-1
Removed Pin From Net: NetName=PM2 Pin=JB-2-3
Removed Pin From Net: NetName=BIN2 Pin=JB-2-6
Removed Pin From Net: NetName=+3V Pin=JB-2-7
Removed Pin From Net: NetName=GND Pin=JB-2-8
Removed Pin From Net: NetName=GND Pin=JB-2-10
Removed Pin From Net: NetName=AIN3 Pin=JB-3-1
Removed Pin From Net: NetName=PM3 Pin=JB-3-3
Removed Pin From Net: NetName=BIN3 Pin=JB-3-6
Removed Pin From Net: NetName=+3V Pin=JB-3-7
Removed Pin From Net: NetName=GND Pin=JB-3-8
Removed Pin From Net: NetName=GND Pin=JB-3-10
Removed Pin From Net: NetName=AIN4 Pin=JB-4-1
Removed Pin From Net: NetName=PM4 Pin=JB-4-3
Removed Pin From Net: NetName=BIN4 Pin=JB-4-6
Removed Pin From Net: NetName=+3V Pin=JB-4-7
Removed Pin From Net: NetName=GND Pin=JB-4-8
Removed Pin From Net: NetName=GND Pin=JB-4-10
Removed Pin From Net: NetName=+12V Pin=Q1-1-S
Removed Pin From Net: NetName=+12V Pin=Q1-1-S
Removed Pin From Net: NetName=+12V Pin=Q1-1-S
Removed Pin From Net: NetName=+12V Pin=Q1-2-S
Removed Pin From Net: NetName=+12V Pin=Q1-2-S
Removed Pin From Net: NetName=+12V Pin=Q1-2-S
Removed Pin From Net: NetName=+12V Pin=Q1-3-S
Removed Pin From Net: NetName=+12V Pin=Q1-3-S
Removed Pin From Net: NetName=+12V Pin=Q1-3-S
Removed Pin From Net: NetName=+12V Pin=Q1-4-S
Removed Pin From Net: NetName=+12V Pin=Q1-4-S
Removed Pin From Net: NetName=+12V Pin=Q1-4-S
Removed Pin From Net: NetName=+3V Pin=R1-1-1
Removed Pin From Net: NetName=+3V Pin=R1-2-1
Removed Pin From Net: NetName=+3V Pin=R1-3-1
Removed Pin From Net: NetName=+3V Pin=R1-4-1
Removed Pin From Net: NetName=+3V Pin=R2-1-1
Removed Pin From Net: NetName=+3V Pin=R2-2-1
Removed Pin From Net: NetName=+3V Pin=R2-3-1
Removed Pin From Net: NetName=+3V Pin=R2-4-1
Removed Pin From Net: NetName=AIN1 Pin=R5-1-1
Removed Pin From Net: NetName=AIN2 Pin=R5-2-1
Removed Pin From Net: NetName=AIN3 Pin=R5-3-1
Removed Pin From Net: NetName=AIN4 Pin=R5-4-1
Removed Pin From Net: NetName=BIN1 Pin=R6-1-1
Removed Pin From Net: NetName=BIN2 Pin=R6-2-1
Removed Pin From Net: NetName=BIN3 Pin=R6-3-1
Removed Pin From Net: NetName=BIN4 Pin=R6-4-1
Removed Pin From Net: NetName=PM1 Pin=R7-1-1
Removed Pin From Net: NetName=PM2 Pin=R7-2-1
Removed Pin From Net: NetName=PM3 Pin=R7-3-1
Removed Pin From Net: NetName=PM4 Pin=R7-4-1
Removed Pin From Net: NetName=GND Pin=R8-1-1
Removed Pin From Net: NetName=PM1 Pin=R8-1-2
Removed Pin From Net: NetName=GND Pin=R8-2-1
Removed Pin From Net: NetName=PM2 Pin=R8-2-2
Removed Pin From Net: NetName=GND Pin=R8-3-1
Removed Pin From Net: NetName=PM3 Pin=R8-3-2
Removed Pin From Net: NetName=GND Pin=R8-4-1
Removed Pin From Net: NetName=PM4 Pin=R8-4-2
Removed Pin From Net: NetName=GND Pin=R10-1-1
Removed Pin From Net: NetName=GND Pin=R10-2-1
Removed Pin From Net: NetName=GND Pin=R10-3-1
Removed Pin From Net: NetName=GND Pin=R10-4-1
Removed Pin From Net: NetName=GND Pin=R47-1
Removed Pin From Net: NetName=GND Pin=R48-1
Removed Pin From Net: NetName=+12V Pin=U-1-12
Removed Pin From Net: NetName=GND12 Pin=U-1-18
Removed Pin From Net: NetName=GND12 Pin=U-1-19
Removed Pin From Net: NetName=GND12 Pin=U-1-20
Removed Pin From Net: NetName=GND12 Pin=U-1-26
Removed Pin From Net: NetName=GND12 Pin=U-1-27
Removed Pin From Net: NetName=GND12 Pin=U-1-28
Removed Pin From Net: NetName=+12V Pin=U-2-12
Removed Pin From Net: NetName=GND12 Pin=U-2-18
Removed Pin From Net: NetName=GND12 Pin=U-2-19
Removed Pin From Net: NetName=GND12 Pin=U-2-20
Removed Pin From Net: NetName=GND12 Pin=U-2-26
Removed Pin From Net: NetName=GND12 Pin=U-2-27
Removed Pin From Net: NetName=GND12 Pin=U-2-28
Removed Pin From Net: NetName=+12V Pin=U-3-12
Removed Pin From Net: NetName=GND12 Pin=U-3-18
Removed Pin From Net: NetName=GND12 Pin=U-3-19
Removed Pin From Net: NetName=GND12 Pin=U-3-20
Removed Pin From Net: NetName=GND12 Pin=U-3-26
Removed Pin From Net: NetName=GND12 Pin=U-3-27
Removed Pin From Net: NetName=GND12 Pin=U-3-28
Removed Pin From Net: NetName=+12V Pin=U-4-12
Removed Pin From Net: NetName=GND12 Pin=U-4-18
Removed Pin From Net: NetName=GND12 Pin=U-4-19
Removed Pin From Net: NetName=GND12 Pin=U-4-20
Removed Pin From Net: NetName=GND12 Pin=U-4-26
Removed Pin From Net: NetName=GND12 Pin=U-4-27
Removed Pin From Net: NetName=GND12 Pin=U-4-28
Removed Pin From Net: NetName=GND Pin=U?-1
Removed Pin From Net: NetName=GND Pin=U?-8
Removed Pin From Net: NetName=GND Pin=U?-9
Removed Pin From Net: NetName=GND Pin=U?-16
Added Member To Class: ClassName=U_Teensy Member=Component U? Teensy-4.1
