Change Component Comment : Designator=C41-1 Old Comment=1UF New Comment=10NF
Change Component Comment : Designator=C41-2 Old Comment=1UF New Comment=10NF
Change Component Comment : Designator=C41-3 Old Comment=1UF New Comment=10NF
Change Component Comment : Designator=C41-4 Old Comment=1UF New Comment=10NF
Change Component Comment : Designator=R22 Old Comment=10KO New Comment=1.5KO
Change Component Comment : Designator=R47-1 Old Comment=10KO New Comment=1.5KO
Change Component Comment : Designator=R47-2 Old Comment=10KO New Comment=1.5KO
Change Component Comment : Designator=R47-3 Old Comment=10KO New Comment=1.5KO
Change Component Comment : Designator=R47-4 Old Comment=10KO New Comment=1.5KO
Change Component Comment : Designator=R41-1 Old Comment=10KO New Comment=1KO
Change Component Comment : Designator=R41-2 Old Comment=10KO New Comment=1KO
Change Component Comment : Designator=R41-3 Old Comment=10KO New Comment=1KO
Change Component Comment : Designator=R41-4 Old Comment=10KO New Comment=1KO
Change Component Comment : Designator=R42-1 Old Comment=10KO New Comment=1KO
Change Component Comment : Designator=R42-2 Old Comment=10KO New Comment=1KO
Change Component Comment : Designator=R42-3 Old Comment=10KO New Comment=1KO
Change Component Comment : Designator=R42-4 Old Comment=10KO New Comment=1KO
Change Component Comment : Designator=R43-1 Old Comment=10KO New Comment=1KO
Change Component Comment : Designator=R43-2 Old Comment=10KO New Comment=1KO
Change Component Comment : Designator=R43-3 Old Comment=10KO New Comment=1KO
Change Component Comment : Designator=R43-4 Old Comment=10KO New Comment=1KO
Change Component Comment : Designator=R45-1 Old Comment=10KO New Comment=1KO
Change Component Comment : Designator=R45-2 Old Comment=10KO New Comment=1KO
Change Component Comment : Designator=R45-3 Old Comment=10KO New Comment=1KO
Change Component Comment : Designator=R45-4 Old Comment=10KO New Comment=1KO
Change Component Comment : Designator=R48-1 Old Comment=10KO New Comment=1KO
Change Component Comment : Designator=R48-2 Old Comment=10KO New Comment=1KO
Change Component Comment : Designator=R48-3 Old Comment=10KO New Comment=1KO
Change Component Comment : Designator=R48-4 Old Comment=10KO New Comment=1KO
Change Component Comment : Designator=R21 Old Comment=10KO New Comment=2.94KO
Change Component Comment : Designator=R23 Old Comment=10KO New Comment=57KO
Change Component Comment : Designator=C42-1 Old Comment=EEEFTE221XAP New Comment=270UF
Change Component Comment : Designator=C42-2 Old Comment=EEEFTE221XAP New Comment=270UF
Change Component Comment : Designator=C42-3 Old Comment=EEEFTE221XAP New Comment=270UF
Change Component Comment : Designator=C42-4 Old Comment=EEEFTE221XAP New Comment=270UF
