Change Component Designator: OldDesignator=C41 NewDesignator=C41_U_VNH7070-P1
Change Component Designator: OldDesignator=C42 NewDesignator=C42_U_VNH7070-P1
Change Component Designator: OldDesignator=C43 NewDesignator=C43_U_VNH7070-P1
Change Component Designator: OldDesignator=D41 NewDesignator=D41_U_VNH7070-P1
Change Component Designator: OldDesignator=D42 NewDesignator=D42_U_VNH7070-P1
Change Component Designator: OldDesignator=D43 NewDesignator=D43_U_VNH7070-P1
Change Component Designator: OldDesignator=Q41 NewDesignator=Q41_U_VNH7070-P1
Change Component Designator: OldDesignator=R41 NewDesignator=R41_U_VNH7070-P1
Change Component Designator: OldDesignator=R42 NewDesignator=R42_U_VNH7070-P1
Change Component Designator: OldDesignator=R43 NewDesignator=R43_U_VNH7070-P1
Change Component Designator: OldDesignator=R45 NewDesignator=R45_U_VNH7070-P1
Change Component Designator: OldDesignator=R46 NewDesignator=R46_U_VNH7070-P1
Change Component Designator: OldDesignator=R47 NewDesignator=R47_U_VNH7070-P1
Change Component Designator: OldDesignator=R48 NewDesignator=R48_U_VNH7070-P1
Change Component Designator: OldDesignator=R49 NewDesignator=R49_U_VNH7070-P1
Change Component Designator: OldDesignator=U41 NewDesignator=U41_U_VNH7070-P1
Change Component Designator: OldDesignator=XT? NewDesignator=XT?_U_VNH7070-P1
Added Component: Designator=C41_U_VNH7070-P2(CAP_0603)
Added Component: Designator=C41_U_VNH7070-P3(CAP_0603)
Added Component: Designator=C41_U_VNH7070-P4(CAP_0603)
Added Component: Designator=C42_U_VNH7070-P2(CAP_5x5.4)
Added Component: Designator=C42_U_VNH7070-P3(CAP_5x5.4)
Added Component: Designator=C42_U_VNH7070-P4(CAP_5x5.4)
Added Component: Designator=C43_U_VNH7070-P2(CAP_0603)
Added Component: Designator=C43_U_VNH7070-P3(CAP_0603)
Added Component: Designator=C43_U_VNH7070-P4(CAP_0603)
Added Component: Designator=D41_U_VNH7070-P2(ONSC-SOD-123-2-425-04_V)
Add component (AddParameter): Name = "ComponentLink1Description"; Value = "Manufacturer URL"; VariantName = "[No Variations]"
Add component (AddParameter): Name = "ComponentLink1URL"; Value = "http://www.onsemi.com/"; VariantName = "[No Variations]"
Add component (AddParameter): Name = "ComponentLink2Description"; Value = "Datasheet"; VariantName = "[No Variations]"
Add component (AddParameter): Name = "ComponentLink2URL"; Value = "http://www.onsemi.com/pub_link/Collateral/MMSZ4678T1-D.PDF"; VariantName = "[No Variations]"
Add component (AddParameter): Name = "ComponentLink3Description"; Value = "Package Specification"; VariantName = "[No Variations]"
Add component (AddParameter): Name = "ComponentLink3URL"; Value = "http://www.onsemi.com/pub_link/Collateral/425-04.PDF"; VariantName = "[No Variations]"
Add component (AddParameter): Name = "DatasheetVersion"; Value = "Rev. 9"; VariantName = "[No Variations]"
Add component (AddParameter): Name = "Manufacturer"; Value = "On Semiconductor"; VariantName = "[No Variations]"
Add component (AddParameter): Name = "Mounting Technology"; Value = "Surface Mount"; VariantName = "[No Variations]"
Add component (AddParameter): Name = "P Max (W)"; Value = "0.5"; VariantName = "[No Variations]"
Add component (AddParameter): Name = "PackageDescription"; Value = "2-Pin SOD, Body 1.6 x 2.69 mm"; VariantName = "[No Variations]"
Add component (AddParameter): Name = "PackageReference"; Value = "SOD-123-2-425-04"; VariantName = "[No Variations]"
Add component (AddParameter): Name = "PackageVersion"; Value = "Rev. G, 10/2009"; VariantName = "[No Variations]"
Add component (AddParameter): Name = "Packing"; Value = "Tape and Reel"; VariantName = "[No Variations]"
Add component (AddParameter): Name = "PartNumber"; Value = "MMSZ4702T1G"; VariantName = "[No Variations]"
Add component (AddParameter): Name = "RoHS"; Value = "Pb-Free"; VariantName = "[No Variations]"
Add component (AddParameter): Name = "VZ Typ (V)"; Value = "15"; VariantName = "[No Variations]"
Added Component: Designator=D41_U_VNH7070-P3(ONSC-SOD-123-2-425-04_V)
Add component (AddParameter): Name = "ComponentLink1Description"; Value = "Manufacturer URL"; VariantName = "[No Variations]"
Add component (AddParameter): Name = "ComponentLink1URL"; Value = "http://www.onsemi.com/"; VariantName = "[No Variations]"
Add component (AddParameter): Name = "ComponentLink2Description"; Value = "Datasheet"; VariantName = "[No Variations]"
Add component (AddParameter): Name = "ComponentLink2URL"; Value = "http://www.onsemi.com/pub_link/Collateral/MMSZ4678T1-D.PDF"; VariantName = "[No Variations]"
Add component (AddParameter): Name = "ComponentLink3Description"; Value = "Package Specification"; VariantName = "[No Variations]"
Add component (AddParameter): Name = "ComponentLink3URL"; Value = "http://www.onsemi.com/pub_link/Collateral/425-04.PDF"; VariantName = "[No Variations]"
Add component (AddParameter): Name = "DatasheetVersion"; Value = "Rev. 9"; VariantName = "[No Variations]"
Add component (AddParameter): Name = "Manufacturer"; Value = "On Semiconductor"; VariantName = "[No Variations]"
Add component (AddParameter): Name = "Mounting Technology"; Value = "Surface Mount"; VariantName = "[No Variations]"
Add component (AddParameter): Name = "P Max (W)"; Value = "0.5"; VariantName = "[No Variations]"
Add component (AddParameter): Name = "PackageDescription"; Value = "2-Pin SOD, Body 1.6 x 2.69 mm"; VariantName = "[No Variations]"
Add component (AddParameter): Name = "PackageReference"; Value = "SOD-123-2-425-04"; VariantName = "[No Variations]"
Add component (AddParameter): Name = "PackageVersion"; Value = "Rev. G, 10/2009"; VariantName = "[No Variations]"
Add component (AddParameter): Name = "Packing"; Value = "Tape and Reel"; VariantName = "[No Variations]"
Add component (AddParameter): Name = "PartNumber"; Value = "MMSZ4702T1G"; VariantName = "[No Variations]"
Add component (AddParameter): Name = "RoHS"; Value = "Pb-Free"; VariantName = "[No Variations]"
Add component (AddParameter): Name = "VZ Typ (V)"; Value = "15"; VariantName = "[No Variations]"
Added Component: Designator=D41_U_VNH7070-P4(ONSC-SOD-123-2-425-04_V)
Add component (AddParameter): Name = "ComponentLink1Description"; Value = "Manufacturer URL"; VariantName = "[No Variations]"
Add component (AddParameter): Name = "ComponentLink1URL"; Value = "http://www.onsemi.com/"; VariantName = "[No Variations]"
Add component (AddParameter): Name = "ComponentLink2Description"; Value = "Datasheet"; VariantName = "[No Variations]"
Add component (AddParameter): Name = "ComponentLink2URL"; Value = "http://www.onsemi.com/pub_link/Collateral/MMSZ4678T1-D.PDF"; VariantName = "[No Variations]"
Add component (AddParameter): Name = "ComponentLink3Description"; Value = "Package Specification"; VariantName = "[No Variations]"
Add component (AddParameter): Name = "ComponentLink3URL"; Value = "http://www.onsemi.com/pub_link/Collateral/425-04.PDF"; VariantName = "[No Variations]"
Add component (AddParameter): Name = "DatasheetVersion"; Value = "Rev. 9"; VariantName = "[No Variations]"
Add component (AddParameter): Name = "Manufacturer"; Value = "On Semiconductor"; VariantName = "[No Variations]"
Add component (AddParameter): Name = "Mounting Technology"; Value = "Surface Mount"; VariantName = "[No Variations]"
Add component (AddParameter): Name = "P Max (W)"; Value = "0.5"; VariantName = "[No Variations]"
Add component (AddParameter): Name = "PackageDescription"; Value = "2-Pin SOD, Body 1.6 x 2.69 mm"; VariantName = "[No Variations]"
Add component (AddParameter): Name = "PackageReference"; Value = "SOD-123-2-425-04"; VariantName = "[No Variations]"
Add component (AddParameter): Name = "PackageVersion"; Value = "Rev. G, 10/2009"; VariantName = "[No Variations]"
Add component (AddParameter): Name = "Packing"; Value = "Tape and Reel"; VariantName = "[No Variations]"
Add component (AddParameter): Name = "PartNumber"; Value = "MMSZ4702T1G"; VariantName = "[No Variations]"
Add component (AddParameter): Name = "RoHS"; Value = "Pb-Free"; VariantName = "[No Variations]"
Add component (AddParameter): Name = "VZ Typ (V)"; Value = "15"; VariantName = "[No Variations]"
Added Component: Designator=D42_U_VNH7070-P2(LED_0603)
Added Component: Designator=D42_U_VNH7070-P3(LED_0603)
Added Component: Designator=D42_U_VNH7070-P4(LED_0603)
Added Component: Designator=D43_U_VNH7070-P2(LED_0603)
Added Component: Designator=D43_U_VNH7070-P3(LED_0603)
Added Component: Designator=D43_U_VNH7070-P4(LED_0603)
Added Component: Designator=Q41_U_VNH7070-P2(FP-T16-0221-SINGLE-MFG)
Add component (AddParameter): Name = "Automotive"; Value = "Yes"; VariantName = "[No Variations]"
Add component (AddParameter): Name = "Automotive Grade"; Value = "Grade 0"; VariantName = "[No Variations]"
Add component (AddParameter): Name = "Category"; Value = "Trans"; VariantName = "[No Variations]"
Add component (AddParameter): Name = "ComponentLink2Description"; Value = "Datasheet"; VariantName = "[No Variations]"
Add component (AddParameter): Name = "ComponentLink2URL"; Value = "https://www.vishay.com/docs/77707/sqj409ep.pdf"; VariantName = "[No Variations]"
Add component (AddParameter): Name = "Continuous Drain Current"; Value = "-60A"; VariantName = "[No Variations]"
Add component (AddParameter): Name = "Depletion Mode"; Value = "False"; VariantName = "[No Variations]"
Add component (AddParameter): Name = "Device Class L1"; Value = "Discrete Semiconductors"; VariantName = "[No Variations]"
Add component (AddParameter): Name = "Device Class L2"; Value = "Transistors"; VariantName = "[No Variations]"
Add component (AddParameter): Name = "Device Class L3"; Value = "MOSFETs"; VariantName = "[No Variations]"
Add component (AddParameter): Name = "Digikey Description"; Value = "MOSFET P-CH 40V 60A POWERPAKSO-8"; VariantName = "[No Variations]"
Add component (AddParameter): Name = "Drain To Source Breakdown Voltage"; Value = "-40V"; VariantName = "[No Variations]"
Add component (AddParameter): Name = "Drain To Source Resistance"; Value = "0.0058O"; VariantName = "[No Variations]"
Add component (AddParameter): Name = "Drain To Source Voltage"; Value = "-40V"; VariantName = "[No Variations]"
Add component (AddParameter): Name = "Footprint Url"; Value = "http://www.vishay.com/docs/63818/ppso8ls.pdf"; VariantName = "[No Variations]"
Add component (AddParameter): Name = "Gate Charge At Vgs"; Value = "170nC @ -10V"; VariantName = "[No Variations]"
Add component (AddParameter): Name = "Gate To Source Voltage"; Value = "20V"; VariantName = "[No Variations]"
Add component (AddParameter): Name = "Height"; Value = "1.267mm"; VariantName = "[No Variations]"
Add component (AddParameter): Name = "Input Capacitace At Vds"; Value = "8400pF @ -25V"; VariantName = "[No Variations]"
Add component (AddParameter): Name = "Lead Free"; Value = "Yes"; VariantName = "[No Variations]"
Add component (AddParameter): Name = "Manufacturer"; Value = "Vishay"; VariantName = "[No Variations]"
Add component (AddParameter): Name = "Manufacturer Part Number"; Value = "SQJ409EP-T1_GE3"; VariantName = "[No Variations]"
Add component (AddParameter): Name = "Max Forward Diode Voltage"; Value = "-1.2V"; VariantName = "[No Variations]"
Add component (AddParameter): Name = "Max Junction Temp"; Value = "+175°C"; VariantName = "[No Variations]"
Add component (AddParameter): Name = "Mouser Description"; Value = "Trans MOSFET P-CH 40V 60A Automotive 5-Pin(4+Tab) PowerPAK SO T/R"; VariantName = "[No Variations]"
Add component (AddParameter): Name = "Number Of Channels"; Value = "1"; VariantName = "[No Variations]"
Add component (AddParameter): Name = "Number Of P Channels"; Value = "1"; VariantName = "[No Variations]"
Add component (AddParameter): Name = "Octopart"; Value = "https://octopart.com/sqj409ep-t1_ge3-vishay-82218774"; VariantName = "[No Variations]"
Add component (AddParameter): Name = "Package"; Value = "T16-0221-SINGLE"; VariantName = "[No Variations]"
Add component (AddParameter): Name = "Power Dissipation"; Value = "68W"; VariantName = "[No Variations]"
Add component (AddParameter): Name = "Pulse Drain Current"; Value = "-150A"; VariantName = "[No Variations]"
Add component (AddParameter): Name = "Reverse Recovery Charge"; Value = "45nC"; VariantName = "[No Variations]"
Add component (AddParameter): Name = "Reverse Recovery Time"; Value = "39ns"; VariantName = "[No Variations]"
Add component (AddParameter): Name = "RoHS"; Value = "TRUE"; VariantName = "[No Variations]"
Add component (AddParameter): Name = "Rthja Max"; Value = "68°C/W"; VariantName = "[No Variations]"
Add component (AddParameter): Name = "Standoff Height"; Value = "0mm"; VariantName = "[No Variations]"
Add component (AddParameter): Name = "Temperature"; Value = "-55°C to +175°C"; VariantName = "[No Variations]"
Add component (AddParameter): Name = "Temperature Range High"; Value = "+175°C"; VariantName = "[No Variations]"
Add component (AddParameter): Name = "Temperature Range Low"; Value = "-55°C"; VariantName = "[No Variations]"
Add component (AddParameter): Name = "Threshold Vgs Max"; Value = "-2.5V"; VariantName = "[No Variations]"
Add component (AddParameter): Name = "Threshold Vgs Min"; Value = "-1.5V"; VariantName = "[No Variations]"
Add component (AddParameter): Name = "Transconductance"; Value = "54S"; VariantName = "[No Variations]"
Add component (AddParameter): Name = "Turn Off Delay Time"; Value = "75ns"; VariantName = "[No Variations]"
Add component (AddParameter): Name = "Turn On Delay Time"; Value = "23ns"; VariantName = "[No Variations]"
Add component (AddParameter): Name = "Typ Forward Diode Voltage"; Value = "-0.76V"; VariantName = "[No Variations]"
Added Component: Designator=Q41_U_VNH7070-P3(FP-T16-0221-SINGLE-MFG)
Add component (AddParameter): Name = "Automotive"; Value = "Yes"; VariantName = "[No Variations]"
Add component (AddParameter): Name = "Automotive Grade"; Value = "Grade 0"; VariantName = "[No Variations]"
Add component (AddParameter): Name = "Category"; Value = "Trans"; VariantName = "[No Variations]"
Add component (AddParameter): Name = "ComponentLink2Description"; Value = "Datasheet"; VariantName = "[No Variations]"
Add component (AddParameter): Name = "ComponentLink2URL"; Value = "https://www.vishay.com/docs/77707/sqj409ep.pdf"; VariantName = "[No Variations]"
Add component (AddParameter): Name = "Continuous Drain Current"; Value = "-60A"; VariantName = "[No Variations]"
Add component (AddParameter): Name = "Depletion Mode"; Value = "False"; VariantName = "[No Variations]"
Add component (AddParameter): Name = "Device Class L1"; Value = "Discrete Semiconductors"; VariantName = "[No Variations]"
Add component (AddParameter): Name = "Device Class L2"; Value = "Transistors"; VariantName = "[No Variations]"
Add component (AddParameter): Name = "Device Class L3"; Value = "MOSFETs"; VariantName = "[No Variations]"
Add component (AddParameter): Name = "Digikey Description"; Value = "MOSFET P-CH 40V 60A POWERPAKSO-8"; VariantName = "[No Variations]"
Add component (AddParameter): Name = "Drain To Source Breakdown Voltage"; Value = "-40V"; VariantName = "[No Variations]"
Add component (AddParameter): Name = "Drain To Source Resistance"; Value = "0.0058O"; VariantName = "[No Variations]"
Add component (AddParameter): Name = "Drain To Source Voltage"; Value = "-40V"; VariantName = "[No Variations]"
Add component (AddParameter): Name = "Footprint Url"; Value = "http://www.vishay.com/docs/63818/ppso8ls.pdf"; VariantName = "[No Variations]"
Add component (AddParameter): Name = "Gate Charge At Vgs"; Value = "170nC @ -10V"; VariantName = "[No Variations]"
Add component (AddParameter): Name = "Gate To Source Voltage"; Value = "20V"; VariantName = "[No Variations]"
Add component (AddParameter): Name = "Height"; Value = "1.267mm"; VariantName = "[No Variations]"
Add component (AddParameter): Name = "Input Capacitace At Vds"; Value = "8400pF @ -25V"; VariantName = "[No Variations]"
Add component (AddParameter): Name = "Lead Free"; Value = "Yes"; VariantName = "[No Variations]"
Add component (AddParameter): Name = "Manufacturer"; Value = "Vishay"; VariantName = "[No Variations]"
Add component (AddParameter): Name = "Manufacturer Part Number"; Value = "SQJ409EP-T1_GE3"; VariantName = "[No Variations]"
Add component (AddParameter): Name = "Max Forward Diode Voltage"; Value = "-1.2V"; VariantName = "[No Variations]"
Add component (AddParameter): Name = "Max Junction Temp"; Value = "+175°C"; VariantName = "[No Variations]"
Add component (AddParameter): Name = "Mouser Description"; Value = "Trans MOSFET P-CH 40V 60A Automotive 5-Pin(4+Tab) PowerPAK SO T/R"; VariantName = "[No Variations]"
Add component (AddParameter): Name = "Number Of Channels"; Value = "1"; VariantName = "[No Variations]"
Add component (AddParameter): Name = "Number Of P Channels"; Value = "1"; VariantName = "[No Variations]"
Add component (AddParameter): Name = "Octopart"; Value = "https://octopart.com/sqj409ep-t1_ge3-vishay-82218774"; VariantName = "[No Variations]"
Add component (AddParameter): Name = "Package"; Value = "T16-0221-SINGLE"; VariantName = "[No Variations]"
Add component (AddParameter): Name = "Power Dissipation"; Value = "68W"; VariantName = "[No Variations]"
Add component (AddParameter): Name = "Pulse Drain Current"; Value = "-150A"; VariantName = "[No Variations]"
Add component (AddParameter): Name = "Reverse Recovery Charge"; Value = "45nC"; VariantName = "[No Variations]"
Add component (AddParameter): Name = "Reverse Recovery Time"; Value = "39ns"; VariantName = "[No Variations]"
Add component (AddParameter): Name = "RoHS"; Value = "TRUE"; VariantName = "[No Variations]"
Add component (AddParameter): Name = "Rthja Max"; Value = "68°C/W"; VariantName = "[No Variations]"
Add component (AddParameter): Name = "Standoff Height"; Value = "0mm"; VariantName = "[No Variations]"
Add component (AddParameter): Name = "Temperature"; Value = "-55°C to +175°C"; VariantName = "[No Variations]"
Add component (AddParameter): Name = "Temperature Range High"; Value = "+175°C"; VariantName = "[No Variations]"
Add component (AddParameter): Name = "Temperature Range Low"; Value = "-55°C"; VariantName = "[No Variations]"
Add component (AddParameter): Name = "Threshold Vgs Max"; Value = "-2.5V"; VariantName = "[No Variations]"
Add component (AddParameter): Name = "Threshold Vgs Min"; Value = "-1.5V"; VariantName = "[No Variations]"
Add component (AddParameter): Name = "Transconductance"; Value = "54S"; VariantName = "[No Variations]"
Add component (AddParameter): Name = "Turn Off Delay Time"; Value = "75ns"; VariantName = "[No Variations]"
Add component (AddParameter): Name = "Turn On Delay Time"; Value = "23ns"; VariantName = "[No Variations]"
Add component (AddParameter): Name = "Typ Forward Diode Voltage"; Value = "-0.76V"; VariantName = "[No Variations]"
Added Component: Designator=Q41_U_VNH7070-P4(FP-T16-0221-SINGLE-MFG)
Add component (AddParameter): Name = "Automotive"; Value = "Yes"; VariantName = "[No Variations]"
Add component (AddParameter): Name = "Automotive Grade"; Value = "Grade 0"; VariantName = "[No Variations]"
Add component (AddParameter): Name = "Category"; Value = "Trans"; VariantName = "[No Variations]"
Add component (AddParameter): Name = "ComponentLink2Description"; Value = "Datasheet"; VariantName = "[No Variations]"
Add component (AddParameter): Name = "ComponentLink2URL"; Value = "https://www.vishay.com/docs/77707/sqj409ep.pdf"; VariantName = "[No Variations]"
Add component (AddParameter): Name = "Continuous Drain Current"; Value = "-60A"; VariantName = "[No Variations]"
Add component (AddParameter): Name = "Depletion Mode"; Value = "False"; VariantName = "[No Variations]"
Add component (AddParameter): Name = "Device Class L1"; Value = "Discrete Semiconductors"; VariantName = "[No Variations]"
Add component (AddParameter): Name = "Device Class L2"; Value = "Transistors"; VariantName = "[No Variations]"
Add component (AddParameter): Name = "Device Class L3"; Value = "MOSFETs"; VariantName = "[No Variations]"
Add component (AddParameter): Name = "Digikey Description"; Value = "MOSFET P-CH 40V 60A POWERPAKSO-8"; VariantName = "[No Variations]"
Add component (AddParameter): Name = "Drain To Source Breakdown Voltage"; Value = "-40V"; VariantName = "[No Variations]"
Add component (AddParameter): Name = "Drain To Source Resistance"; Value = "0.0058O"; VariantName = "[No Variations]"
Add component (AddParameter): Name = "Drain To Source Voltage"; Value = "-40V"; VariantName = "[No Variations]"
Add component (AddParameter): Name = "Footprint Url"; Value = "http://www.vishay.com/docs/63818/ppso8ls.pdf"; VariantName = "[No Variations]"
Add component (AddParameter): Name = "Gate Charge At Vgs"; Value = "170nC @ -10V"; VariantName = "[No Variations]"
Add component (AddParameter): Name = "Gate To Source Voltage"; Value = "20V"; VariantName = "[No Variations]"
Add component (AddParameter): Name = "Height"; Value = "1.267mm"; VariantName = "[No Variations]"
Add component (AddParameter): Name = "Input Capacitace At Vds"; Value = "8400pF @ -25V"; VariantName = "[No Variations]"
Add component (AddParameter): Name = "Lead Free"; Value = "Yes"; VariantName = "[No Variations]"
Add component (AddParameter): Name = "Manufacturer"; Value = "Vishay"; VariantName = "[No Variations]"
Add component (AddParameter): Name = "Manufacturer Part Number"; Value = "SQJ409EP-T1_GE3"; VariantName = "[No Variations]"
Add component (AddParameter): Name = "Max Forward Diode Voltage"; Value = "-1.2V"; VariantName = "[No Variations]"
Add component (AddParameter): Name = "Max Junction Temp"; Value = "+175°C"; VariantName = "[No Variations]"
Add component (AddParameter): Name = "Mouser Description"; Value = "Trans MOSFET P-CH 40V 60A Automotive 5-Pin(4+Tab) PowerPAK SO T/R"; VariantName = "[No Variations]"
Add component (AddParameter): Name = "Number Of Channels"; Value = "1"; VariantName = "[No Variations]"
Add component (AddParameter): Name = "Number Of P Channels"; Value = "1"; VariantName = "[No Variations]"
Add component (AddParameter): Name = "Octopart"; Value = "https://octopart.com/sqj409ep-t1_ge3-vishay-82218774"; VariantName = "[No Variations]"
Add component (AddParameter): Name = "Package"; Value = "T16-0221-SINGLE"; VariantName = "[No Variations]"
Add component (AddParameter): Name = "Power Dissipation"; Value = "68W"; VariantName = "[No Variations]"
Add component (AddParameter): Name = "Pulse Drain Current"; Value = "-150A"; VariantName = "[No Variations]"
Add component (AddParameter): Name = "Reverse Recovery Charge"; Value = "45nC"; VariantName = "[No Variations]"
Add component (AddParameter): Name = "Reverse Recovery Time"; Value = "39ns"; VariantName = "[No Variations]"
Add component (AddParameter): Name = "RoHS"; Value = "TRUE"; VariantName = "[No Variations]"
Add component (AddParameter): Name = "Rthja Max"; Value = "68°C/W"; VariantName = "[No Variations]"
Add component (AddParameter): Name = "Standoff Height"; Value = "0mm"; VariantName = "[No Variations]"
Add component (AddParameter): Name = "Temperature"; Value = "-55°C to +175°C"; VariantName = "[No Variations]"
Add component (AddParameter): Name = "Temperature Range High"; Value = "+175°C"; VariantName = "[No Variations]"
Add component (AddParameter): Name = "Temperature Range Low"; Value = "-55°C"; VariantName = "[No Variations]"
Add component (AddParameter): Name = "Threshold Vgs Max"; Value = "-2.5V"; VariantName = "[No Variations]"
Add component (AddParameter): Name = "Threshold Vgs Min"; Value = "-1.5V"; VariantName = "[No Variations]"
Add component (AddParameter): Name = "Transconductance"; Value = "54S"; VariantName = "[No Variations]"
Add component (AddParameter): Name = "Turn Off Delay Time"; Value = "75ns"; VariantName = "[No Variations]"
Add component (AddParameter): Name = "Turn On Delay Time"; Value = "23ns"; VariantName = "[No Variations]"
Add component (AddParameter): Name = "Typ Forward Diode Voltage"; Value = "-0.76V"; VariantName = "[No Variations]"
Added Component: Designator=R41_U_VNH7070-P2(RES_0603)
Added Component: Designator=R41_U_VNH7070-P3(RES_0603)
Added Component: Designator=R41_U_VNH7070-P4(RES_0603)
Added Component: Designator=R42_U_VNH7070-P2(RES_0603)
Added Component: Designator=R42_U_VNH7070-P3(RES_0603)
Added Component: Designator=R42_U_VNH7070-P4(RES_0603)
Added Component: Designator=R43_U_VNH7070-P2(RES_0603)
Added Component: Designator=R43_U_VNH7070-P3(RES_0603)
Added Component: Designator=R43_U_VNH7070-P4(RES_0603)
Added Component: Designator=R45_U_VNH7070-P2(RES_0603)
Added Component: Designator=R45_U_VNH7070-P3(RES_0603)
Added Component: Designator=R45_U_VNH7070-P4(RES_0603)
Added Component: Designator=R46_U_VNH7070-P2(RES_0603)
Added Component: Designator=R46_U_VNH7070-P3(RES_0603)
Added Component: Designator=R46_U_VNH7070-P4(RES_0603)
Added Component: Designator=R47_U_VNH7070-P2(RES_0603)
Added Component: Designator=R47_U_VNH7070-P3(RES_0603)
Added Component: Designator=R47_U_VNH7070-P4(RES_0603)
Added Component: Designator=R48_U_VNH7070-P2(RES_0603)
Added Component: Designator=R48_U_VNH7070-P3(RES_0603)
Added Component: Designator=R48_U_VNH7070-P4(RES_0603)
Added Component: Designator=R49_U_VNH7070-P2(RES_0603)
Added Component: Designator=R49_U_VNH7070-P3(RES_0603)
Added Component: Designator=R49_U_VNH7070-P4(RES_0603)
Added Component: Designator=U41_U_VNH7070-P2(FP-SO-16N-GAPGCFT00818-MFG)
Add component (AddParameter): Name = "Automotive"; Value = "Yes"; VariantName = "[No Variations]"
Add component (AddParameter): Name = "Automotive Grade"; Value = "Grade 0"; VariantName = "[No Variations]"
Add component (AddParameter): Name = "Category"; Value = "IC"; VariantName = "[No Variations]"
Add component (AddParameter): Name = "ComponentLink2Description"; Value = "Datasheet"; VariantName = "[No Variations]"
Add component (AddParameter): Name = "ComponentLink2URL"; Value = "https://www.st.com/resource/en/datasheet/vnh7070as.pdf"; VariantName = "[No Variations]"
Add component (AddParameter): Name = "Device Class L1"; Value = "Integrated Circuits (ICs)"; VariantName = "[No Variations]"
Add component (AddParameter): Name = "Device Class L2"; Value = "Power Management ICs"; VariantName = "[No Variations]"
Add component (AddParameter): Name = "Device Class L3"; Value = "Motor Drivers"; VariantName = "[No Variations]"
Add component (AddParameter): Name = "Digikey Description"; Value = "IC MOTOR DRIVER 4V-28V 16SOIC"; VariantName = "[No Variations]"
Add component (AddParameter): Name = "Footprint Url"; Value = "https://www.st.com/resource/en/datasheet/l6566a.pdf"; VariantName = "[No Variations]"
Add component (AddParameter): Name = "Height"; Value = "1.75mm"; VariantName = "[No Variations]"
Add component (AddParameter): Name = "Ipc Land Pattern Name"; Value = "SOIC127P600X175-16"; VariantName = "[No Variations]"
Add component (AddParameter): Name = "Lead Free"; Value = "Yes"; VariantName = "[No Variations]"
Add component (AddParameter): Name = "Manufacturer"; Value = "STMicroelectronics"; VariantName = "[No Variations]"
Add component (AddParameter): Name = "Manufacturer Part Number"; Value = "VNH7070ASTR"; VariantName = "[No Variations]"
Add component (AddParameter): Name = "Max Junction Temp"; Value = "+150°C"; VariantName = "[No Variations]"
Add component (AddParameter): Name = "Max Supply Voltage"; Value = "28V"; VariantName = "[No Variations]"
Add component (AddParameter): Name = "Min Supply Voltage"; Value = "4V"; VariantName = "[No Variations]"
Add component (AddParameter): Name = "Motor Type"; Value = "Brushed"; VariantName = "[No Variations]"
Add component (AddParameter): Name = "Mouser Description"; Value = "STMicroelectronics VNH7070ASTR Motor Driver IC 16-Pin, SOIC"; VariantName = "[No Variations]"
Add component (AddParameter): Name = "Nominal Supply Current"; Value = "2-3.5mA"; VariantName = "[No Variations]"
Add component (AddParameter): Name = "Number Of Outputs"; Value = "2"; VariantName = "[No Variations]"
Add component (AddParameter): Name = "Octopart"; Value = "https://octopart.com/vnh7070astr-stmicroelectronics-66668687"; VariantName = "[No Variations]"
Add component (AddParameter): Name = "Output Current"; Value = "15A"; VariantName = "[No Variations]"
Add component (AddParameter): Name = "Package"; Value = "SO-16N-GAPGCFT00818"; VariantName = "[No Variations]"
Add component (AddParameter): Name = "RoHS"; Value = "TRUE"; VariantName = "[No Variations]"
Add component (AddParameter): Name = "Standoff Height"; Value = "0.1mm"; VariantName = "[No Variations]"
Add component (AddParameter): Name = "Temperature"; Value = "-40°C to +150°C"; VariantName = "[No Variations]"
Add component (AddParameter): Name = "Temperature Range High"; Value = "+150°C"; VariantName = "[No Variations]"
Add component (AddParameter): Name = "Temperature Range Low"; Value = "-40°C"; VariantName = "[No Variations]"
Added Component: Designator=U41_U_VNH7070-P3(FP-SO-16N-GAPGCFT00818-MFG)
Add component (AddParameter): Name = "Automotive"; Value = "Yes"; VariantName = "[No Variations]"
Add component (AddParameter): Name = "Automotive Grade"; Value = "Grade 0"; VariantName = "[No Variations]"
Add component (AddParameter): Name = "Category"; Value = "IC"; VariantName = "[No Variations]"
Add component (AddParameter): Name = "ComponentLink2Description"; Value = "Datasheet"; VariantName = "[No Variations]"
Add component (AddParameter): Name = "ComponentLink2URL"; Value = "https://www.st.com/resource/en/datasheet/vnh7070as.pdf"; VariantName = "[No Variations]"
Add component (AddParameter): Name = "Device Class L1"; Value = "Integrated Circuits (ICs)"; VariantName = "[No Variations]"
Add component (AddParameter): Name = "Device Class L2"; Value = "Power Management ICs"; VariantName = "[No Variations]"
Add component (AddParameter): Name = "Device Class L3"; Value = "Motor Drivers"; VariantName = "[No Variations]"
Add component (AddParameter): Name = "Digikey Description"; Value = "IC MOTOR DRIVER 4V-28V 16SOIC"; VariantName = "[No Variations]"
Add component (AddParameter): Name = "Footprint Url"; Value = "https://www.st.com/resource/en/datasheet/l6566a.pdf"; VariantName = "[No Variations]"
Add component (AddParameter): Name = "Height"; Value = "1.75mm"; VariantName = "[No Variations]"
Add component (AddParameter): Name = "Ipc Land Pattern Name"; Value = "SOIC127P600X175-16"; VariantName = "[No Variations]"
Add component (AddParameter): Name = "Lead Free"; Value = "Yes"; VariantName = "[No Variations]"
Add component (AddParameter): Name = "Manufacturer"; Value = "STMicroelectronics"; VariantName = "[No Variations]"
Add component (AddParameter): Name = "Manufacturer Part Number"; Value = "VNH7070ASTR"; VariantName = "[No Variations]"
Add component (AddParameter): Name = "Max Junction Temp"; Value = "+150°C"; VariantName = "[No Variations]"
Add component (AddParameter): Name = "Max Supply Voltage"; Value = "28V"; VariantName = "[No Variations]"
Add component (AddParameter): Name = "Min Supply Voltage"; Value = "4V"; VariantName = "[No Variations]"
Add component (AddParameter): Name = "Motor Type"; Value = "Brushed"; VariantName = "[No Variations]"
Add component (AddParameter): Name = "Mouser Description"; Value = "STMicroelectronics VNH7070ASTR Motor Driver IC 16-Pin, SOIC"; VariantName = "[No Variations]"
Add component (AddParameter): Name = "Nominal Supply Current"; Value = "2-3.5mA"; VariantName = "[No Variations]"
Add component (AddParameter): Name = "Number Of Outputs"; Value = "2"; VariantName = "[No Variations]"
Add component (AddParameter): Name = "Octopart"; Value = "https://octopart.com/vnh7070astr-stmicroelectronics-66668687"; VariantName = "[No Variations]"
Add component (AddParameter): Name = "Output Current"; Value = "15A"; VariantName = "[No Variations]"
Add component (AddParameter): Name = "Package"; Value = "SO-16N-GAPGCFT00818"; VariantName = "[No Variations]"
Add component (AddParameter): Name = "RoHS"; Value = "TRUE"; VariantName = "[No Variations]"
Add component (AddParameter): Name = "Standoff Height"; Value = "0.1mm"; VariantName = "[No Variations]"
Add component (AddParameter): Name = "Temperature"; Value = "-40°C to +150°C"; VariantName = "[No Variations]"
Add component (AddParameter): Name = "Temperature Range High"; Value = "+150°C"; VariantName = "[No Variations]"
Add component (AddParameter): Name = "Temperature Range Low"; Value = "-40°C"; VariantName = "[No Variations]"
Added Component: Designator=U41_U_VNH7070-P4(FP-SO-16N-GAPGCFT00818-MFG)
Add component (AddParameter): Name = "Automotive"; Value = "Yes"; VariantName = "[No Variations]"
Add component (AddParameter): Name = "Automotive Grade"; Value = "Grade 0"; VariantName = "[No Variations]"
Add component (AddParameter): Name = "Category"; Value = "IC"; VariantName = "[No Variations]"
Add component (AddParameter): Name = "ComponentLink2Description"; Value = "Datasheet"; VariantName = "[No Variations]"
Add component (AddParameter): Name = "ComponentLink2URL"; Value = "https://www.st.com/resource/en/datasheet/vnh7070as.pdf"; VariantName = "[No Variations]"
Add component (AddParameter): Name = "Device Class L1"; Value = "Integrated Circuits (ICs)"; VariantName = "[No Variations]"
Add component (AddParameter): Name = "Device Class L2"; Value = "Power Management ICs"; VariantName = "[No Variations]"
Add component (AddParameter): Name = "Device Class L3"; Value = "Motor Drivers"; VariantName = "[No Variations]"
Add component (AddParameter): Name = "Digikey Description"; Value = "IC MOTOR DRIVER 4V-28V 16SOIC"; VariantName = "[No Variations]"
Add component (AddParameter): Name = "Footprint Url"; Value = "https://www.st.com/resource/en/datasheet/l6566a.pdf"; VariantName = "[No Variations]"
Add component (AddParameter): Name = "Height"; Value = "1.75mm"; VariantName = "[No Variations]"
Add component (AddParameter): Name = "Ipc Land Pattern Name"; Value = "SOIC127P600X175-16"; VariantName = "[No Variations]"
Add component (AddParameter): Name = "Lead Free"; Value = "Yes"; VariantName = "[No Variations]"
Add component (AddParameter): Name = "Manufacturer"; Value = "STMicroelectronics"; VariantName = "[No Variations]"
Add component (AddParameter): Name = "Manufacturer Part Number"; Value = "VNH7070ASTR"; VariantName = "[No Variations]"
Add component (AddParameter): Name = "Max Junction Temp"; Value = "+150°C"; VariantName = "[No Variations]"
Add component (AddParameter): Name = "Max Supply Voltage"; Value = "28V"; VariantName = "[No Variations]"
Add component (AddParameter): Name = "Min Supply Voltage"; Value = "4V"; VariantName = "[No Variations]"
Add component (AddParameter): Name = "Motor Type"; Value = "Brushed"; VariantName = "[No Variations]"
Add component (AddParameter): Name = "Mouser Description"; Value = "STMicroelectronics VNH7070ASTR Motor Driver IC 16-Pin, SOIC"; VariantName = "[No Variations]"
Add component (AddParameter): Name = "Nominal Supply Current"; Value = "2-3.5mA"; VariantName = "[No Variations]"
Add component (AddParameter): Name = "Number Of Outputs"; Value = "2"; VariantName = "[No Variations]"
Add component (AddParameter): Name = "Octopart"; Value = "https://octopart.com/vnh7070astr-stmicroelectronics-66668687"; VariantName = "[No Variations]"
Add component (AddParameter): Name = "Output Current"; Value = "15A"; VariantName = "[No Variations]"
Add component (AddParameter): Name = "Package"; Value = "SO-16N-GAPGCFT00818"; VariantName = "[No Variations]"
Add component (AddParameter): Name = "RoHS"; Value = "TRUE"; VariantName = "[No Variations]"
Add component (AddParameter): Name = "Standoff Height"; Value = "0.1mm"; VariantName = "[No Variations]"
Add component (AddParameter): Name = "Temperature"; Value = "-40°C to +150°C"; VariantName = "[No Variations]"
Add component (AddParameter): Name = "Temperature Range High"; Value = "+150°C"; VariantName = "[No Variations]"
Add component (AddParameter): Name = "Temperature Range Low"; Value = "-40°C"; VariantName = "[No Variations]"
Added Component: Designator=XT?_U_VNH7070-P2(XT30_PW_M)
Added Component: Designator=XT?_U_VNH7070-P3(XT30_PW_M)
Added Component: Designator=XT?_U_VNH7070-P4(XT30_PW_M)
Added Pin To Net: NetName=GND12 Pin=C41_U_VNH7070-P2-1
Added Pin To Net: NetName=GND12 Pin=C41_U_VNH7070-P3-1
Added Pin To Net: NetName=GND12 Pin=C41_U_VNH7070-P4-1
Added Pin To Net: NetName=GND12 Pin=C42_U_VNH7070-P2-2
Added Pin To Net: NetName=GND12 Pin=C42_U_VNH7070-P3-2
Added Pin To Net: NetName=GND12 Pin=C42_U_VNH7070-P4-2
Added Pin To Net: NetName=GND12 Pin=C43_U_VNH7070-P2-2
Added Pin To Net: NetName=GND12 Pin=C43_U_VNH7070-P3-2
Added Pin To Net: NetName=GND12 Pin=C43_U_VNH7070-P4-2
Added Pin To Net: NetName=+12 Pin=Q41_U_VNH7070-P2-1
Added Pin To Net: NetName=+12 Pin=Q41_U_VNH7070-P2-2
Added Pin To Net: NetName=+12 Pin=Q41_U_VNH7070-P2-3
Added Pin To Net: NetName=+12 Pin=Q41_U_VNH7070-P3-1
Added Pin To Net: NetName=+12 Pin=Q41_U_VNH7070-P3-2
Added Pin To Net: NetName=+12 Pin=Q41_U_VNH7070-P3-3
Added Pin To Net: NetName=+12 Pin=Q41_U_VNH7070-P4-1
Added Pin To Net: NetName=+12 Pin=Q41_U_VNH7070-P4-2
Added Pin To Net: NetName=+12 Pin=Q41_U_VNH7070-P4-3
Added Pin To Net: NetName=GND12 Pin=R47_U_VNH7070-P2-1
Added Pin To Net: NetName=GND12 Pin=R47_U_VNH7070-P3-1
Added Pin To Net: NetName=GND12 Pin=R47_U_VNH7070-P4-1
Added Pin To Net: NetName=GND12 Pin=R48_U_VNH7070-P2-1
Added Pin To Net: NetName=GND12 Pin=R48_U_VNH7070-P3-1
Added Pin To Net: NetName=GND12 Pin=R48_U_VNH7070-P4-1
Added Pin To Net: NetName=GND12 Pin=U41_U_VNH7070-P2-1
Added Pin To Net: NetName=GND12 Pin=U41_U_VNH7070-P2-8
Added Pin To Net: NetName=GND12 Pin=U41_U_VNH7070-P2-9
Added Pin To Net: NetName=GND12 Pin=U41_U_VNH7070-P2-16
Added Pin To Net: NetName=GND12 Pin=U41_U_VNH7070-P3-1
Added Pin To Net: NetName=GND12 Pin=U41_U_VNH7070-P3-8
Added Pin To Net: NetName=GND12 Pin=U41_U_VNH7070-P3-9
Added Pin To Net: NetName=GND12 Pin=U41_U_VNH7070-P3-16
Added Pin To Net: NetName=GND12 Pin=U41_U_VNH7070-P4-1
Added Pin To Net: NetName=GND12 Pin=U41_U_VNH7070-P4-8
Added Pin To Net: NetName=GND12 Pin=U41_U_VNH7070-P4-9
Added Pin To Net: NetName=GND12 Pin=U41_U_VNH7070-P4-16
Change Net Name : Old Net Name=CSS New Net Name=CSS_U_VNH7070-P1
Change Net Name : Old Net Name=INAA New Net Name=INAA_U_VNH7070-P1
Change Net Name : Old Net Name=INBB New Net Name=INBB_U_VNH7070-P1
Change Net Name : Old Net Name=NetD41_2 New Net Name=NetD41_U_VNH7070-P1_2
Change Net Name : Old Net Name=NetD42_C New Net Name=NetD42_U_VNH7070-P1_C
Change Net Name : Old Net Name=NetR41_2 New Net Name=NetR41_U_VNH7070-P1_2
Change Net Name : Old Net Name=NetR42_2 New Net Name=NetR42_U_VNH7070-P1_2
Change Net Name : Old Net Name=NetR43_2 New Net Name=NetR43_U_VNH7070-P1_2
Change Net Name : Old Net Name=NetR45_2 New Net Name=NetR45_U_VNH7070-P1_2
Change Net Name : Old Net Name=NetR46_2 New Net Name=NetR46_U_VNH7070-P1_2
Change Net Name : Old Net Name=OUTA New Net Name=OUTA_U_VNH7070-P1
Change Net Name : Old Net Name=OUTB New Net Name=OUTB_U_VNH7070-P1
Change Net Name : Old Net Name=PWMM New Net Name=PWMM_U_VNH7070-P1
Change Net Name : Old Net Name=VC New Net Name=VC_U_VNH7070-P1
Added Pin To Net: NetName=CSS_U_VNH7070-P2 Pin=C41_U_VNH7070-P2-2
Added Pin To Net: NetName=CSS_U_VNH7070-P2 Pin=R46_U_VNH7070-P2-1
Added Net: Name=CSS_U_VNH7070-P2
Added Pin To Net: NetName=CSS_U_VNH7070-P3 Pin=C41_U_VNH7070-P3-2
Added Pin To Net: NetName=CSS_U_VNH7070-P3 Pin=R46_U_VNH7070-P3-1
Added Net: Name=CSS_U_VNH7070-P3
Added Pin To Net: NetName=CSS_U_VNH7070-P4 Pin=C41_U_VNH7070-P4-2
Added Pin To Net: NetName=CSS_U_VNH7070-P4 Pin=R46_U_VNH7070-P4-1
Added Net: Name=CSS_U_VNH7070-P4
Added Pin To Net: NetName=INAA_U_VNH7070-P2 Pin=R41_U_VNH7070-P2-1
Added Net: Name=INAA_U_VNH7070-P2
Added Pin To Net: NetName=INAA_U_VNH7070-P3 Pin=R41_U_VNH7070-P3-1
Added Net: Name=INAA_U_VNH7070-P3
Added Pin To Net: NetName=INAA_U_VNH7070-P4 Pin=R41_U_VNH7070-P4-1
Added Net: Name=INAA_U_VNH7070-P4
Added Pin To Net: NetName=INBB_U_VNH7070-P2 Pin=R42_U_VNH7070-P2-1
Added Net: Name=INBB_U_VNH7070-P2
Added Pin To Net: NetName=INBB_U_VNH7070-P3 Pin=R42_U_VNH7070-P3-1
Added Net: Name=INBB_U_VNH7070-P3
Added Pin To Net: NetName=INBB_U_VNH7070-P4 Pin=R42_U_VNH7070-P4-1
Added Net: Name=INBB_U_VNH7070-P4
Added Pin To Net: NetName=NetD41_U_VNH7070-P2_2 Pin=D41_U_VNH7070-P2-2
Added Pin To Net: NetName=NetD41_U_VNH7070-P2_2 Pin=Q41_U_VNH7070-P2-4
Added Pin To Net: NetName=NetD41_U_VNH7070-P2_2 Pin=R48_U_VNH7070-P2-2
Added Net: Name=NetD41_U_VNH7070-P2_2
Added Pin To Net: NetName=NetD41_U_VNH7070-P3_2 Pin=D41_U_VNH7070-P3-2
Added Pin To Net: NetName=NetD41_U_VNH7070-P3_2 Pin=Q41_U_VNH7070-P3-4
Added Pin To Net: NetName=NetD41_U_VNH7070-P3_2 Pin=R48_U_VNH7070-P3-2
Added Net: Name=NetD41_U_VNH7070-P3_2
Added Pin To Net: NetName=NetD41_U_VNH7070-P4_2 Pin=D41_U_VNH7070-P4-2
Added Pin To Net: NetName=NetD41_U_VNH7070-P4_2 Pin=Q41_U_VNH7070-P4-4
Added Pin To Net: NetName=NetD41_U_VNH7070-P4_2 Pin=R48_U_VNH7070-P4-2
Added Net: Name=NetD41_U_VNH7070-P4_2
Added Pin To Net: NetName=NetD42_U_VNH7070-P2_C Pin=D42_U_VNH7070-P2-C
Added Pin To Net: NetName=NetD42_U_VNH7070-P2_C Pin=D43_U_VNH7070-P2-A
Added Pin To Net: NetName=NetD42_U_VNH7070-P2_C Pin=R49_U_VNH7070-P2-1
Added Net: Name=NetD42_U_VNH7070-P2_C
Added Pin To Net: NetName=NetD42_U_VNH7070-P3_C Pin=D42_U_VNH7070-P3-C
Added Pin To Net: NetName=NetD42_U_VNH7070-P3_C Pin=D43_U_VNH7070-P3-A
Added Pin To Net: NetName=NetD42_U_VNH7070-P3_C Pin=R49_U_VNH7070-P3-1
Added Net: Name=NetD42_U_VNH7070-P3_C
Added Pin To Net: NetName=NetD42_U_VNH7070-P4_C Pin=D42_U_VNH7070-P4-C
Added Pin To Net: NetName=NetD42_U_VNH7070-P4_C Pin=D43_U_VNH7070-P4-A
Added Pin To Net: NetName=NetD42_U_VNH7070-P4_C Pin=R49_U_VNH7070-P4-1
Added Net: Name=NetD42_U_VNH7070-P4_C
Added Pin To Net: NetName=NetR41_U_VNH7070-P2_2 Pin=R41_U_VNH7070-P2-2
Added Pin To Net: NetName=NetR41_U_VNH7070-P2_2 Pin=U41_U_VNH7070-P2-3
Added Net: Name=NetR41_U_VNH7070-P2_2
Added Pin To Net: NetName=NetR41_U_VNH7070-P3_2 Pin=R41_U_VNH7070-P3-2
Added Pin To Net: NetName=NetR41_U_VNH7070-P3_2 Pin=U41_U_VNH7070-P3-3
Added Net: Name=NetR41_U_VNH7070-P3_2
Added Pin To Net: NetName=NetR41_U_VNH7070-P4_2 Pin=R41_U_VNH7070-P4-2
Added Pin To Net: NetName=NetR41_U_VNH7070-P4_2 Pin=U41_U_VNH7070-P4-3
Added Net: Name=NetR41_U_VNH7070-P4_2
Added Pin To Net: NetName=NetR42_U_VNH7070-P2_2 Pin=R42_U_VNH7070-P2-2
Added Pin To Net: NetName=NetR42_U_VNH7070-P2_2 Pin=U41_U_VNH7070-P2-6
Added Net: Name=NetR42_U_VNH7070-P2_2
Added Pin To Net: NetName=NetR42_U_VNH7070-P3_2 Pin=R42_U_VNH7070-P3-2
Added Pin To Net: NetName=NetR42_U_VNH7070-P3_2 Pin=U41_U_VNH7070-P3-6
Added Net: Name=NetR42_U_VNH7070-P3_2
Added Pin To Net: NetName=NetR42_U_VNH7070-P4_2 Pin=R42_U_VNH7070-P4-2
Added Pin To Net: NetName=NetR42_U_VNH7070-P4_2 Pin=U41_U_VNH7070-P4-6
Added Net: Name=NetR42_U_VNH7070-P4_2
Added Pin To Net: NetName=NetR43_U_VNH7070-P2_2 Pin=R43_U_VNH7070-P2-2
Added Pin To Net: NetName=NetR43_U_VNH7070-P2_2 Pin=U41_U_VNH7070-P2-11
Added Net: Name=NetR43_U_VNH7070-P2_2
Added Pin To Net: NetName=NetR43_U_VNH7070-P3_2 Pin=R43_U_VNH7070-P3-2
Added Pin To Net: NetName=NetR43_U_VNH7070-P3_2 Pin=U41_U_VNH7070-P3-11
Added Net: Name=NetR43_U_VNH7070-P3_2
Added Pin To Net: NetName=NetR43_U_VNH7070-P4_2 Pin=R43_U_VNH7070-P4-2
Added Pin To Net: NetName=NetR43_U_VNH7070-P4_2 Pin=U41_U_VNH7070-P4-11
Added Net: Name=NetR43_U_VNH7070-P4_2
Added Pin To Net: NetName=NetR45_U_VNH7070-P2_2 Pin=R45_U_VNH7070-P2-2
Added Pin To Net: NetName=NetR45_U_VNH7070-P2_2 Pin=U41_U_VNH7070-P2-14
Added Net: Name=NetR45_U_VNH7070-P2_2
Added Pin To Net: NetName=NetR45_U_VNH7070-P3_2 Pin=R45_U_VNH7070-P3-2
Added Pin To Net: NetName=NetR45_U_VNH7070-P3_2 Pin=U41_U_VNH7070-P3-14
Added Net: Name=NetR45_U_VNH7070-P3_2
Added Pin To Net: NetName=NetR45_U_VNH7070-P4_2 Pin=R45_U_VNH7070-P4-2
Added Pin To Net: NetName=NetR45_U_VNH7070-P4_2 Pin=U41_U_VNH7070-P4-14
Added Net: Name=NetR45_U_VNH7070-P4_2
Added Pin To Net: NetName=NetR46_U_VNH7070-P2_2 Pin=R46_U_VNH7070-P2-2
Added Pin To Net: NetName=NetR46_U_VNH7070-P2_2 Pin=R47_U_VNH7070-P2-2
Added Pin To Net: NetName=NetR46_U_VNH7070-P2_2 Pin=U41_U_VNH7070-P2-13
Added Net: Name=NetR46_U_VNH7070-P2_2
Added Pin To Net: NetName=NetR46_U_VNH7070-P3_2 Pin=R46_U_VNH7070-P3-2
Added Pin To Net: NetName=NetR46_U_VNH7070-P3_2 Pin=R47_U_VNH7070-P3-2
Added Pin To Net: NetName=NetR46_U_VNH7070-P3_2 Pin=U41_U_VNH7070-P3-13
Added Net: Name=NetR46_U_VNH7070-P3_2
Added Pin To Net: NetName=NetR46_U_VNH7070-P4_2 Pin=R46_U_VNH7070-P4-2
Added Pin To Net: NetName=NetR46_U_VNH7070-P4_2 Pin=R47_U_VNH7070-P4-2
Added Pin To Net: NetName=NetR46_U_VNH7070-P4_2 Pin=U41_U_VNH7070-P4-13
Added Net: Name=NetR46_U_VNH7070-P4_2
Added Pin To Net: NetName=OUTA_U_VNH7070-P2 Pin=D42_U_VNH7070-P2-A
Added Pin To Net: NetName=OUTA_U_VNH7070-P2 Pin=D43_U_VNH7070-P2-C
Added Pin To Net: NetName=OUTA_U_VNH7070-P2 Pin=U41_U_VNH7070-P2-7
Added Pin To Net: NetName=OUTA_U_VNH7070-P2 Pin=U41_U_VNH7070-P2-10
Added Pin To Net: NetName=OUTA_U_VNH7070-P2 Pin=XT?_U_VNH7070-P2-P
Added Net: Name=OUTA_U_VNH7070-P2
Added Pin To Net: NetName=OUTA_U_VNH7070-P3 Pin=D42_U_VNH7070-P3-A
Added Pin To Net: NetName=OUTA_U_VNH7070-P3 Pin=D43_U_VNH7070-P3-C
Added Pin To Net: NetName=OUTA_U_VNH7070-P3 Pin=U41_U_VNH7070-P3-7
Added Pin To Net: NetName=OUTA_U_VNH7070-P3 Pin=U41_U_VNH7070-P3-10
Added Pin To Net: NetName=OUTA_U_VNH7070-P3 Pin=XT?_U_VNH7070-P3-P
Added Net: Name=OUTA_U_VNH7070-P3
Added Pin To Net: NetName=OUTA_U_VNH7070-P4 Pin=D42_U_VNH7070-P4-A
Added Pin To Net: NetName=OUTA_U_VNH7070-P4 Pin=D43_U_VNH7070-P4-C
Added Pin To Net: NetName=OUTA_U_VNH7070-P4 Pin=U41_U_VNH7070-P4-7
Added Pin To Net: NetName=OUTA_U_VNH7070-P4 Pin=U41_U_VNH7070-P4-10
Added Pin To Net: NetName=OUTA_U_VNH7070-P4 Pin=XT?_U_VNH7070-P4-P
Added Net: Name=OUTA_U_VNH7070-P4
Added Pin To Net: NetName=OUTB_U_VNH7070-P2 Pin=R49_U_VNH7070-P2-2
Added Pin To Net: NetName=OUTB_U_VNH7070-P2 Pin=U41_U_VNH7070-P2-2
Added Pin To Net: NetName=OUTB_U_VNH7070-P2 Pin=U41_U_VNH7070-P2-15
Added Pin To Net: NetName=OUTB_U_VNH7070-P2 Pin=XT?_U_VNH7070-P2-N
Added Net: Name=OUTB_U_VNH7070-P2
Added Pin To Net: NetName=OUTB_U_VNH7070-P3 Pin=R49_U_VNH7070-P3-2
Added Pin To Net: NetName=OUTB_U_VNH7070-P3 Pin=U41_U_VNH7070-P3-2
Added Pin To Net: NetName=OUTB_U_VNH7070-P3 Pin=U41_U_VNH7070-P3-15
Added Pin To Net: NetName=OUTB_U_VNH7070-P3 Pin=XT?_U_VNH7070-P3-N
Added Net: Name=OUTB_U_VNH7070-P3
Added Pin To Net: NetName=OUTB_U_VNH7070-P4 Pin=R49_U_VNH7070-P4-2
Added Pin To Net: NetName=OUTB_U_VNH7070-P4 Pin=U41_U_VNH7070-P4-2
Added Pin To Net: NetName=OUTB_U_VNH7070-P4 Pin=U41_U_VNH7070-P4-15
Added Pin To Net: NetName=OUTB_U_VNH7070-P4 Pin=XT?_U_VNH7070-P4-N
Added Net: Name=OUTB_U_VNH7070-P4
Added Pin To Net: NetName=PWMM_U_VNH7070-P2 Pin=R43_U_VNH7070-P2-1
Added Net: Name=PWMM_U_VNH7070-P2
Added Pin To Net: NetName=PWMM_U_VNH7070-P3 Pin=R43_U_VNH7070-P3-1
Added Net: Name=PWMM_U_VNH7070-P3
Added Pin To Net: NetName=PWMM_U_VNH7070-P4 Pin=R43_U_VNH7070-P4-1
Added Net: Name=PWMM_U_VNH7070-P4
Added Pin To Net: NetName=VC_U_VNH7070-P2 Pin=C42_U_VNH7070-P2-1
Added Pin To Net: NetName=VC_U_VNH7070-P2 Pin=C43_U_VNH7070-P2-1
Added Pin To Net: NetName=VC_U_VNH7070-P2 Pin=D41_U_VNH7070-P2-1
Added Pin To Net: NetName=VC_U_VNH7070-P2 Pin=Q41_U_VNH7070-P2-5
Added Pin To Net: NetName=VC_U_VNH7070-P2 Pin=U41_U_VNH7070-P2-4
Added Pin To Net: NetName=VC_U_VNH7070-P2 Pin=U41_U_VNH7070-P2-5
Added Pin To Net: NetName=VC_U_VNH7070-P2 Pin=U41_U_VNH7070-P2-12
Added Net: Name=VC_U_VNH7070-P2
Added Pin To Net: NetName=VC_U_VNH7070-P3 Pin=C42_U_VNH7070-P3-1
Added Pin To Net: NetName=VC_U_VNH7070-P3 Pin=C43_U_VNH7070-P3-1
Added Pin To Net: NetName=VC_U_VNH7070-P3 Pin=D41_U_VNH7070-P3-1
Added Pin To Net: NetName=VC_U_VNH7070-P3 Pin=Q41_U_VNH7070-P3-5
Added Pin To Net: NetName=VC_U_VNH7070-P3 Pin=U41_U_VNH7070-P3-4
Added Pin To Net: NetName=VC_U_VNH7070-P3 Pin=U41_U_VNH7070-P3-5
Added Pin To Net: NetName=VC_U_VNH7070-P3 Pin=U41_U_VNH7070-P3-12
Added Net: Name=VC_U_VNH7070-P3
Added Pin To Net: NetName=VC_U_VNH7070-P4 Pin=C42_U_VNH7070-P4-1
Added Pin To Net: NetName=VC_U_VNH7070-P4 Pin=C43_U_VNH7070-P4-1
Added Pin To Net: NetName=VC_U_VNH7070-P4 Pin=D41_U_VNH7070-P4-1
Added Pin To Net: NetName=VC_U_VNH7070-P4 Pin=Q41_U_VNH7070-P4-5
Added Pin To Net: NetName=VC_U_VNH7070-P4 Pin=U41_U_VNH7070-P4-4
Added Pin To Net: NetName=VC_U_VNH7070-P4 Pin=U41_U_VNH7070-P4-5
Added Pin To Net: NetName=VC_U_VNH7070-P4 Pin=U41_U_VNH7070-P4-12
Added Net: Name=VC_U_VNH7070-P4
Change Class Name : Old Net Name=U_VNH7070-P New Net Name=U_VNH7070-P1
Added Class: Name=U_VNH7070-P2
Added Class: Name=U_VNH7070-P3
Added Class: Name=U_VNH7070-P4
Added Class: Name=VNH7070-P
Change Room Name: Old Name=U_VNH7070-P New Name=U_VNH7070-P3
Change Room Scope: Old Scope=InComponentClass('U_VNH7070-P') New Scope=InComponentClass('U_VNH7070-P3')
Added Room: Name=U_VNH7070-P1
Added Room: Name=U_VNH7070-P2
Added Room: Name=U_VNH7070-P4
