Removed Pin From Net: NetName=NetLM5_7 Pin=U1-2
Removed Pin From Net: NetName=NetLM5_7 Pin=U1-2
Removed Pin From Net: NetName=NetLM6_1 Pin=U1-3
Removed Pin From Net: NetName=NetLM6_1 Pin=U1-3
Removed Pin From Net: NetName=NetLM6_7 Pin=U1-4
Removed Pin From Net: NetName=NetLM6_7 Pin=U1-4
Removed Pin From Net: NetName=NetLM7_1 Pin=U1-5
Removed Pin From Net: NetName=NetLM7_1 Pin=U1-5
Removed Pin From Net: NetName=EN-LSR Pin=U1-6
Removed Pin From Net: NetName=EN-LSR Pin=U1-6
Removed Pin From Net: NetName=EN-2V Pin=U1-14
Removed Pin From Net: NetName=EN-2V Pin=U1-14
Removed Pin From Net: NetName=RST Pin=U1-15
Removed Pin From Net: NetName=RST Pin=U1-15
Removed Pin From Net: NetName=LSR Pin=U1-16
Removed Pin From Net: NetName=LSR Pin=U1-16
Removed Pin From Net: NetName=NetLED1_3 Pin=U1-17
Removed Pin From Net: NetName=NetLED1_3 Pin=U1-17
Added Pin To Net: NetName=+V-REF-1 Pin=U1-0
Added Pin To Net: NetName=+V-REF-1 Pin=U1-0
Added Pin To Net: NetName=+V-REF-2 Pin=U1-1
Added Pin To Net: NetName=+V-REF-2 Pin=U1-1
Added Pin To Net: NetName=+V-REF-3 Pin=U1-2
Added Pin To Net: NetName=+V-REF-3 Pin=U1-2
Added Pin To Net: NetName=+V-REF-4 Pin=U1-3
Added Pin To Net: NetName=+V-REF-4 Pin=U1-3
Added Pin To Net: NetName=+V-REF-5 Pin=U1-4
Added Pin To Net: NetName=+V-REF-5 Pin=U1-4
Added Pin To Net: NetName=+V-REF-6 Pin=U1-5
Added Pin To Net: NetName=+V-REF-6 Pin=U1-5
Added Pin To Net: NetName=+V-REF-7 Pin=U1-6
Added Pin To Net: NetName=+V-REF-7 Pin=U1-6
Added Member To Class: ClassName=comparators Member=Component R217 10KO
