Added Component: Designator=C01(CAP_0603)
Added Component: Designator=C02(CAP_0603)
Added Component: Designator=C03(CAP_0603)
Added Component: Designator=C04(CAP_0603)
Added Component: Designator=C05(CAP_0603)
Added Component: Designator=C06(CAP_0603)
Added Component: Designator=C07(CAP_0603)
Added Component: Designator=C08(CAP_0603)
Added Component: Designator=C09(CAP_0603)
Added Component: Designator=C10(CAP_0603)
Added Component: Designator=C11(CAP_0603)
Added Component: Designator=C12(CAP_0603)
Added Component: Designator=C13(CAP_0603)
Added Component: Designator=C14(CAP_0603)
Added Component: Designator=C15(CAP_0603)
Added Component: Designator=C16(CAP_0603)
Added Component: Designator=C17(CAP_0603)
Added Component: Designator=C18(CAP_0603)
Added Pin To Net: NetName=GND Pin=C01-1
Added Pin To Net: NetName=NetLM1_3 Pin=C01-2
Added Pin To Net: NetName=NetLM1_5 Pin=C02-1
Added Pin To Net: NetName=GND Pin=C02-2
Added Pin To Net: NetName=GND Pin=C03-1
Added Pin To Net: NetName=NetLM2_3 Pin=C03-2
Added Pin To Net: NetName=GND Pin=C04-1
Added Pin To Net: NetName=NetLM2_5 Pin=C04-2
Added Pin To Net: NetName=GND Pin=C05-1
Added Pin To Net: NetName=NetLM3_3 Pin=C05-2
Added Pin To Net: NetName=NetLM3_5 Pin=C06-1
Added Pin To Net: NetName=GND Pin=C06-2
Added Pin To Net: NetName=GND Pin=C07-1
Added Pin To Net: NetName=NetLM4_3 Pin=C07-2
Added Pin To Net: NetName=NetLM4_5 Pin=C08-1
Added Pin To Net: NetName=GND Pin=C08-2
Added Pin To Net: NetName=GND Pin=C09-1
Added Pin To Net: NetName=NetLM5_3 Pin=C09-2
Added Pin To Net: NetName=NetLM5_5 Pin=C10-1
Added Pin To Net: NetName=GND Pin=C10-2
Added Pin To Net: NetName=GND Pin=C11-1
Added Pin To Net: NetName=NetLM6_3 Pin=C11-2
Added Pin To Net: NetName=NetLM6_5 Pin=C12-1
Added Pin To Net: NetName=GND Pin=C12-2
Added Pin To Net: NetName=GND Pin=C13-1
Added Pin To Net: NetName=NetLM7_3 Pin=C13-2
Added Pin To Net: NetName=NetLM7_5 Pin=C14-1
Added Pin To Net: NetName=GND Pin=C14-2
Added Pin To Net: NetName=GND Pin=C15-1
Added Pin To Net: NetName=NetLM8_3 Pin=C15-2
Added Pin To Net: NetName=NetLM8_5 Pin=C16-1
Added Pin To Net: NetName=GND Pin=C16-2
Added Pin To Net: NetName=GND Pin=C17-1
Added Pin To Net: NetName=NetLM9_3 Pin=C17-2
Added Pin To Net: NetName=NetLM9_5 Pin=C18-1
Added Pin To Net: NetName=GND Pin=C18-2
Change Net Name : Old Net Name=NetLM1_3 New Net Name=NetC01_2
Change Net Name : Old Net Name=NetLM1_5 New Net Name=NetC02_1
Change Net Name : Old Net Name=NetLM2_3 New Net Name=NetC03_2
Change Net Name : Old Net Name=NetLM2_5 New Net Name=NetC04_2
Change Net Name : Old Net Name=NetLM3_3 New Net Name=NetC05_2
Change Net Name : Old Net Name=NetLM3_5 New Net Name=NetC06_1
Change Net Name : Old Net Name=NetLM4_3 New Net Name=NetC07_2
Change Net Name : Old Net Name=NetLM4_5 New Net Name=NetC08_1
Change Net Name : Old Net Name=NetLM5_3 New Net Name=NetC09_2
Change Net Name : Old Net Name=NetLM5_5 New Net Name=NetC10_1
Change Net Name : Old Net Name=NetLM6_3 New Net Name=NetC11_2
Change Net Name : Old Net Name=NetLM6_5 New Net Name=NetC12_1
Change Net Name : Old Net Name=NetLM7_3 New Net Name=NetC13_2
Change Net Name : Old Net Name=NetLM7_5 New Net Name=NetC14_1
Change Net Name : Old Net Name=NetLM8_3 New Net Name=NetC15_2
Change Net Name : Old Net Name=NetLM8_5 New Net Name=NetC16_1
Change Net Name : Old Net Name=NetLM9_3 New Net Name=NetC17_2
Change Net Name : Old Net Name=NetLM9_5 New Net Name=NetC18_1
Added Member To Class: ClassName=comparators Member=Component C01 1UF
Added Member To Class: ClassName=comparators Member=Component C02 1UF
Added Member To Class: ClassName=comparators Member=Component C03 1UF
Added Member To Class: ClassName=comparators Member=Component C04 1UF
Added Member To Class: ClassName=comparators Member=Component C05 1UF
Added Member To Class: ClassName=comparators Member=Component C06 1UF
Added Member To Class: ClassName=comparators Member=Component C07 1UF
Added Member To Class: ClassName=comparators Member=Component C08 1UF
Added Member To Class: ClassName=comparators Member=Component C09 1UF
Added Member To Class: ClassName=comparators Member=Component C10 1UF
Added Member To Class: ClassName=comparators Member=Component C11 1UF
Added Member To Class: ClassName=comparators Member=Component C12 1UF
Added Member To Class: ClassName=comparators Member=Component C13 1UF
Added Member To Class: ClassName=comparators Member=Component C14 1UF
Added Member To Class: ClassName=comparators Member=Component C15 1UF
Added Member To Class: ClassName=comparators Member=Component C16 1UF
Added Member To Class: ClassName=comparators Member=Component C17 1UF
Added Member To Class: ClassName=comparators Member=Component C18 1UF
Added Member To Class: ClassName=comparators Member=Component R217 10KO
