Added Pin To Net: NetName=NetD1_K Pin=C01-2
Added Pin To Net: NetName=NetD2_K Pin=C02-1
Added Pin To Net: NetName=NetD3_K Pin=C03-2
Added Pin To Net: NetName=NetD4_K Pin=C04-2
Added Pin To Net: NetName=NetD5_K Pin=C05-2
Added Pin To Net: NetName=NetD6_K Pin=C06-1
Added Pin To Net: NetName=NetD7_K Pin=C07-2
Added Pin To Net: NetName=NetD8_K Pin=C08-1
Added Pin To Net: NetName=NetD9_K Pin=C09-2
Added Pin To Net: NetName=NetD10_K Pin=C10-1
Added Pin To Net: NetName=NetD11_K Pin=C11-2
Added Pin To Net: NetName=NetD12_K Pin=C12-1
Added Pin To Net: NetName=NetD13_K Pin=C13-2
Added Pin To Net: NetName=NetD14_K Pin=C14-1
Added Pin To Net: NetName=NetD15_K Pin=C15-2
Added Pin To Net: NetName=NetD16_K Pin=C16-1
Added Pin To Net: NetName=NetD17_K Pin=C17-2
Added Pin To Net: NetName=NetD18_K Pin=C18-1
Added Pin To Net: NetName=NetD1_K Pin=LM1-3
Added Pin To Net: NetName=NetD2_K Pin=LM1-5
Added Pin To Net: NetName=NetD3_K Pin=LM2-3
Added Pin To Net: NetName=NetD4_K Pin=LM2-5
Added Pin To Net: NetName=NetD5_K Pin=LM3-3
Added Pin To Net: NetName=NetD6_K Pin=LM3-5
Added Pin To Net: NetName=NetD7_K Pin=LM4-3
Added Pin To Net: NetName=NetD8_K Pin=LM4-5
Added Pin To Net: NetName=NetD9_K Pin=LM5-3
Added Pin To Net: NetName=NetD10_K Pin=LM5-5
Added Pin To Net: NetName=NetD11_K Pin=LM6-3
Added Pin To Net: NetName=NetD12_K Pin=LM6-5
Added Pin To Net: NetName=NetD13_K Pin=LM7-3
Added Pin To Net: NetName=NetD14_K Pin=LM7-5
Added Pin To Net: NetName=NetD15_K Pin=LM8-3
Added Pin To Net: NetName=NetD16_K Pin=LM8-5
Added Pin To Net: NetName=NetD17_K Pin=LM9-3
Added Pin To Net: NetName=NetD18_K Pin=LM9-5
Added Pin To Net: NetName=NetLM1_1 Pin=R301-2
Added Pin To Net: NetName=NetLM1_7 Pin=R302-2
Added Pin To Net: NetName=NetLM2_1 Pin=R303-2
Added Pin To Net: NetName=NetLM2_7 Pin=R304-2
Added Pin To Net: NetName=NetLM3_1 Pin=R305-2
Added Pin To Net: NetName=NetLM4_1 Pin=R307-2
Added Pin To Net: NetName=NetLM4_7 Pin=R308-2
Added Pin To Net: NetName=NetLM5_1 Pin=R309-2
Added Pin To Net: NetName=NetLM5_7 Pin=R310-2
Added Pin To Net: NetName=NetLM6_1 Pin=R311-2
Added Pin To Net: NetName=NetLM6_7 Pin=R312-2
Added Pin To Net: NetName=NetLM7_1 Pin=R313-2
Added Pin To Net: NetName=NetLM7_7 Pin=R314-2
Added Pin To Net: NetName=NetLM8_1 Pin=R315-2
Added Pin To Net: NetName=NetLM8_7 Pin=R316-2
Added Pin To Net: NetName=NetLM9_1 Pin=R317-2
Added Pin To Net: NetName=NetLM9_7 Pin=R318-2
Added Pin To Net: NetName=NetLM2_1 Pin=U1-14
Added Pin To Net: NetName=NetLM2_1 Pin=U1-14
Added Pin To Net: NetName=NetLM2_7 Pin=U1-15
Added Pin To Net: NetName=NetLM2_7 Pin=U1-15
Added Pin To Net: NetName=NetLM3_1 Pin=U1-16
Added Pin To Net: NetName=NetLM3_1 Pin=U1-16
Added Pin To Net: NetName=NetLM4_1 Pin=U1-18
Added Pin To Net: NetName=NetLM4_1 Pin=U1-18
Added Pin To Net: NetName=NetLM4_7 Pin=U1-19
Added Pin To Net: NetName=NetLM4_7 Pin=U1-19
Added Pin To Net: NetName=NetLM5_1 Pin=U1-20
Added Pin To Net: NetName=NetLM5_1 Pin=U1-20
Added Pin To Net: NetName=NetLM6_7 Pin=U1-21
Added Pin To Net: NetName=NetLM6_7 Pin=U1-21
Added Pin To Net: NetName=NetLM6_1 Pin=U1-22
Added Pin To Net: NetName=NetLM6_1 Pin=U1-22
Added Pin To Net: NetName=NetLM5_7 Pin=U1-23
Added Pin To Net: NetName=NetLM5_7 Pin=U1-23
Added Pin To Net: NetName=NetLM7_1 Pin=U1-24
Added Pin To Net: NetName=NetLM7_1 Pin=U1-24
Added Pin To Net: NetName=NetLM7_7 Pin=U1-25
Added Pin To Net: NetName=NetLM7_7 Pin=U1-25
Added Pin To Net: NetName=NetLM8_1 Pin=U1-26
Added Pin To Net: NetName=NetLM8_1 Pin=U1-26
Added Pin To Net: NetName=NetLM8_7 Pin=U1-27
Added Pin To Net: NetName=NetLM8_7 Pin=U1-27
Added Pin To Net: NetName=NetLM9_7 Pin=U1-38
Added Pin To Net: NetName=NetLM9_7 Pin=U1-38
Added Pin To Net: NetName=NetLM9_1 Pin=U1-39
Added Pin To Net: NetName=NetLM9_1 Pin=U1-39
Added Pin To Net: NetName=NetLM1_1 Pin=U1-40
Added Pin To Net: NetName=NetLM1_1 Pin=U1-40
Added Pin To Net: NetName=NetLM1_7 Pin=U1-41
Added Pin To Net: NetName=NetLM1_7 Pin=U1-41
Change Net Name : Old Net Name=NetD1_K New Net Name=NetC01_2
Change Net Name : Old Net Name=NetD2_K New Net Name=NetC02_1
Change Net Name : Old Net Name=NetD3_K New Net Name=NetC03_2
Change Net Name : Old Net Name=NetD4_K New Net Name=NetC04_2
Change Net Name : Old Net Name=NetD5_K New Net Name=NetC05_2
Change Net Name : Old Net Name=NetD6_K New Net Name=NetC06_1
Change Net Name : Old Net Name=NetD7_K New Net Name=NetC07_2
Change Net Name : Old Net Name=NetD8_K New Net Name=NetC08_1
Change Net Name : Old Net Name=NetD9_K New Net Name=NetC09_2
Change Net Name : Old Net Name=NetD10_K New Net Name=NetC10_1
Change Net Name : Old Net Name=NetD11_K New Net Name=NetC11_2
Change Net Name : Old Net Name=NetD12_K New Net Name=NetC12_1
Change Net Name : Old Net Name=NetD13_K New Net Name=NetC13_2
Change Net Name : Old Net Name=NetD14_K New Net Name=NetC14_1
Change Net Name : Old Net Name=NetD15_K New Net Name=NetC15_2
Change Net Name : Old Net Name=NetD16_K New Net Name=NetC16_1
Change Net Name : Old Net Name=NetD17_K New Net Name=NetC17_2
Change Net Name : Old Net Name=NetD18_K New Net Name=NetC18_1
Added Pin To Net: NetName=NetR306_2 Pin=R306-2
Added Pin To Net: NetName=NetR306_2 Pin=U1-17
Added Pin To Net: NetName=NetR306_2 Pin=U1-17
Added Net: Name=NetR306_2
Added Member To Class: ClassName=comparators Member=Component R217 10KO
