Removed Pin From Net: NetName=TX-IMU Pin=*-SCL
Removed Pin From Net: NetName=RX-IMU Pin=*-SDA
Removed Pin From Net: NetName=+3V Pin=C01-2
Removed Pin From Net: NetName=+3V Pin=C02-2
Removed Pin From Net: NetName=AD-1 Pin=D1-A
Removed Pin From Net: NetName=+3V Pin=D1-C
Removed Pin From Net: NetName=AD-2 Pin=D2-A
Removed Pin From Net: NetName=+3V Pin=D2-C
Removed Pin From Net: NetName=GND Pin=R3-1
Removed Pin From Net: NetName=GND Pin=R4-1
Removed Pin From Net: NetName=AD-2 Pin=R4-2
Added Pin To Net: NetName=RX-IMU Pin=*-SCL
Added Pin To Net: NetName=TX-IMU Pin=*-SDA
Added Pin To Net: NetName=AD-1 Pin=C01-2
Added Pin To Net: NetName=AD-2 Pin=C02-2
Added Pin To Net: NetName=GND Pin=D1-A
Added Pin To Net: NetName=AD-1 Pin=D1-C
Added Pin To Net: NetName=GND Pin=D2-A
Added Pin To Net: NetName=AD-2 Pin=D2-C
Added Pin To Net: NetName=+3V Pin=R3-1
Added Pin To Net: NetName=AD-2 Pin=R4-1
Added Pin To Net: NetName=+3V Pin=R4-2
Added Pin To Net: NetName=TX-BALL Pin=U1-7
Added Pin To Net: NetName=TX-BALL Pin=U1-7
Added Pin To Net: NetName=RX-BALL Pin=U1-8
Added Pin To Net: NetName=RX-BALL Pin=U1-8
