Change Component Library : Designator=CM1 Old Library=RC.IntLib New Library=GenericRC.SchLib
Added Component: Designator=B1(BUTTON)
Added Component: Designator=B2(BUTTON)
Added Component: Designator=R1(RES_0603)
Added Component: Designator=R2(RES_0603)
Added Pin To Net: NetName=BUTTON-1 Pin=B1-2
Added Pin To Net: NetName=BUTTON-1 Pin=B1-4
Added Pin To Net: NetName=BUTTON-2 Pin=B2-2
Added Pin To Net: NetName=BUTTON-2 Pin=B2-4
Added Pin To Net: NetName=BUTTON-1 Pin=R1-1
Added Pin To Net: NetName=GND Pin=R1-2
Added Pin To Net: NetName=BUTTON-2 Pin=R2-1
Added Pin To Net: NetName=GND Pin=R2-2
Added Pin To Net: NetName=+3V-BOT Pin=*-VIN
Added Pin To Net: NetName=+3V-BOT Pin=B1-1
Added Pin To Net: NetName=+3V-BOT Pin=B1-3
Added Pin To Net: NetName=+3V-BOT Pin=B2-1
Added Pin To Net: NetName=+3V-BOT Pin=B2-3
Added Pin To Net: NetName=+3V-BOT Pin=J3-6
Added Net: Name=+3V-BOT
Added Member To Class: ClassName=UART Member=Component B1 BUTTON
Added Member To Class: ClassName=UART Member=Component B2 BUTTON
Added Member To Class: ClassName=UART Member=Component R1 10KO
Added Member To Class: ClassName=UART Member=Component R2 10KO
Added Rule: Name=Schematic Supply Nets_2
