Added Component: Designator=C1(CAP_0603)
Added Component: Designator=C2(CAP_0603)
Added Component: Designator=C3(CAP_0603)
Added Component: Designator=C4(CAP_0603)
Added Component: Designator=C5(CAP_0603)
Added Component: Designator=C6(CAP_0603)
Added Component: Designator=C7(CAP_0603)
Added Component: Designator=C8(CAP_0603)
Added Component: Designator=C9(CAP_0603)
Added Component: Designator=C10(CAP_0603)
Added Component: Designator=C11(CAP_0603)
Added Component: Designator=C12(CAP_0603)
Added Component: Designator=C13(CAP_0603)
Added Component: Designator=C14(CAP_0603)
Added Component: Designator=C15(CAP_0603)
Added Component: Designator=C16(CAP_0603)
Added Component: Designator=C17(CAP_0603)
Added Component: Designator=C18(CAP_0603)
Added Pin To Net: NetName=GND Pin=C1-2
Added Pin To Net: NetName=GND Pin=C2-2
Added Pin To Net: NetName=GND Pin=C3-2
Added Pin To Net: NetName=GND Pin=C4-2
Added Pin To Net: NetName=GND Pin=C5-2
Added Pin To Net: NetName=GND Pin=C6-2
Added Pin To Net: NetName=GND Pin=C7-2
Added Pin To Net: NetName=GND Pin=C8-2
Added Pin To Net: NetName=GND Pin=C9-2
Added Pin To Net: NetName=GND Pin=C10-2
Added Pin To Net: NetName=GND Pin=C11-2
Added Pin To Net: NetName=GND Pin=C12-2
Added Pin To Net: NetName=GND Pin=C13-2
Added Pin To Net: NetName=GND Pin=C14-2
Added Pin To Net: NetName=GND Pin=C15-2
Added Pin To Net: NetName=GND Pin=C16-2
Added Pin To Net: NetName=GND Pin=C17-2
Added Pin To Net: NetName=GND Pin=C18-2
Added Pin To Net: NetName=NetC1_1 Pin=C1-1
Added Pin To Net: NetName=NetC1_1 Pin=IR1-OUT
Added Pin To Net: NetName=NetC1_1 Pin=U1-33
Added Pin To Net: NetName=NetC1_1 Pin=U1-33
Added Net: Name=NetC1_1
Added Pin To Net: NetName=NetC2_1 Pin=C2-1
Added Pin To Net: NetName=NetC2_1 Pin=IR2-OUT
Added Pin To Net: NetName=NetC2_1 Pin=U1-34
Added Pin To Net: NetName=NetC2_1 Pin=U1-34
Added Net: Name=NetC2_1
Added Pin To Net: NetName=NetC3_1 Pin=C3-1
Added Pin To Net: NetName=NetC3_1 Pin=IR3-OUT
Added Pin To Net: NetName=NetC3_1 Pin=U1-36
Added Pin To Net: NetName=NetC3_1 Pin=U1-36
Added Net: Name=NetC3_1
Added Pin To Net: NetName=NetC4_1 Pin=C4-1
Added Pin To Net: NetName=NetC4_1 Pin=IR4-OUT
Added Pin To Net: NetName=NetC4_1 Pin=U1-37
Added Pin To Net: NetName=NetC4_1 Pin=U1-37
Added Net: Name=NetC4_1
Added Pin To Net: NetName=NetC6_1 Pin=C6-1
Added Pin To Net: NetName=NetC6_1 Pin=IR6-OUT
Added Pin To Net: NetName=NetC6_1 Pin=U1-19
Added Pin To Net: NetName=NetC6_1 Pin=U1-19
Added Net: Name=NetC6_1
Added Pin To Net: NetName=NetC7_1 Pin=C7-1
Added Pin To Net: NetName=NetC7_1 Pin=IR7-OUT
Added Pin To Net: NetName=NetC7_1 Pin=U1-20
Added Pin To Net: NetName=NetC7_1 Pin=U1-20
Added Net: Name=NetC7_1
Added Pin To Net: NetName=NetC8_1 Pin=C8-1
Added Pin To Net: NetName=NetC8_1 Pin=IR8-OUT
Added Pin To Net: NetName=NetC8_1 Pin=U1-22
Added Pin To Net: NetName=NetC8_1 Pin=U1-22
Added Net: Name=NetC8_1
Added Pin To Net: NetName=NetC9_1 Pin=C9-1
Added Pin To Net: NetName=NetC9_1 Pin=IR9-OUT
Added Pin To Net: NetName=NetC9_1 Pin=U1-23
Added Pin To Net: NetName=NetC9_1 Pin=U1-23
Added Net: Name=NetC9_1
Added Pin To Net: NetName=NetC10_1 Pin=C10-1
Added Pin To Net: NetName=NetC10_1 Pin=IR10-OUT
Added Pin To Net: NetName=NetC10_1 Pin=U1-0
Added Pin To Net: NetName=NetC10_1 Pin=U1-0
Added Net: Name=NetC10_1
Added Pin To Net: NetName=NetC11_1 Pin=C11-1
Added Pin To Net: NetName=NetC11_1 Pin=IR11-OUT
Added Pin To Net: NetName=NetC11_1 Pin=U1-1
Added Pin To Net: NetName=NetC11_1 Pin=U1-1
Added Net: Name=NetC11_1
Added Pin To Net: NetName=NetC12_1 Pin=C12-1
Added Pin To Net: NetName=NetC12_1 Pin=IR12-OUT
Added Pin To Net: NetName=NetC12_1 Pin=U1-3
Added Pin To Net: NetName=NetC12_1 Pin=U1-3
Added Net: Name=NetC12_1
Added Pin To Net: NetName=NetC13_1 Pin=C13-1
Added Pin To Net: NetName=NetC13_1 Pin=IR13-OUT
Added Pin To Net: NetName=NetC13_1 Pin=U1-4
Added Pin To Net: NetName=NetC13_1 Pin=U1-4
Added Net: Name=NetC13_1
Added Pin To Net: NetName=NetC14_1 Pin=C14-1
Added Pin To Net: NetName=NetC14_1 Pin=IR14-OUT
Added Pin To Net: NetName=NetC14_1 Pin=U1-27
Added Pin To Net: NetName=NetC14_1 Pin=U1-27
Added Net: Name=NetC14_1
Added Pin To Net: NetName=NetC15_1 Pin=C15-1
Added Pin To Net: NetName=NetC15_1 Pin=IR15-OUT
Added Pin To Net: NetName=NetC15_1 Pin=U1-28
Added Pin To Net: NetName=NetC15_1 Pin=U1-28
Added Net: Name=NetC15_1
Added Pin To Net: NetName=NetC16_1 Pin=C16-1
Added Pin To Net: NetName=NetC16_1 Pin=IR16-OUT
Added Pin To Net: NetName=NetC16_1 Pin=U1-29
Added Pin To Net: NetName=NetC16_1 Pin=U1-29
Added Net: Name=NetC16_1
Added Pin To Net: NetName=NetC17_1 Pin=C17-1
Added Pin To Net: NetName=NetC17_1 Pin=IR17-OUT
Added Pin To Net: NetName=NetC17_1 Pin=U1-31
Added Pin To Net: NetName=NetC17_1 Pin=U1-31
Added Net: Name=NetC17_1
Added Pin To Net: NetName=NetC18_1 Pin=C18-1
Added Pin To Net: NetName=NetC18_1 Pin=IR18-OUT
Added Pin To Net: NetName=NetC18_1 Pin=U1-32
Added Pin To Net: NetName=NetC18_1 Pin=U1-32
Added Net: Name=NetC18_1
Added Member To Class: ClassName=IR-ARRAY Member=Component C1 1UF
Added Member To Class: ClassName=IR-ARRAY Member=Component C2 1UF
Added Member To Class: ClassName=IR-ARRAY Member=Component C3 1UF
Added Member To Class: ClassName=IR-ARRAY Member=Component C4 1UF
Added Member To Class: ClassName=IR-ARRAY Member=Component C5 1UF
Added Member To Class: ClassName=IR-ARRAY Member=Component C6 1UF
Added Member To Class: ClassName=IR-ARRAY Member=Component C7 1UF
Added Member To Class: ClassName=IR-ARRAY Member=Component C8 1UF
Added Member To Class: ClassName=IR-ARRAY Member=Component C9 1UF
Added Member To Class: ClassName=IR-ARRAY Member=Component C10 1UF
Added Member To Class: ClassName=IR-ARRAY Member=Component C11 1UF
Added Member To Class: ClassName=IR-ARRAY Member=Component C12 1UF
Added Member To Class: ClassName=IR-ARRAY Member=Component C13 1UF
Added Member To Class: ClassName=IR-ARRAY Member=Component C14 1UF
Added Member To Class: ClassName=IR-ARRAY Member=Component C15 1UF
Added Member To Class: ClassName=IR-ARRAY Member=Component C16 1UF
Added Member To Class: ClassName=IR-ARRAY Member=Component C17 1UF
Added Member To Class: ClassName=IR-ARRAY Member=Component C18 1UF
